TpTrace Verbose: 0 : 3952, 1, 2023/12/05, 16:15:02.200, 125530329178, vstest.console.dll, Version: 17.7.1-release-23418-01 Current process architecture: X64
TpTrace Verbose: 0 : 3952, 1, 2023/12/05, 16:15:02.202, 125530348668, vstest.console.dll, Runtime location: C:\Program Files\dotnet\shared\Microsoft.NETCore.App\7.0.12
TpTrace Verbose: 0 : 3952, 1, 2023/12/05, 16:15:02.204, 125530377077, vstest.console.dll, ArtifactProcessingPostProcessModeProcessorExecutor.Initialize: ArtifactProcessingMode.Collect
TpTrace Verbose: 0 : 3952, 1, 2023/12/05, 16:15:02.205, 125530378510, vstest.console.dll, TestSessionCorrelationIdProcessorModeProcessorExecutor.Initialize: TestSessionCorrelationId '14436_db246d4f-c920-4c3d-a232-d712e9208163'
TpTrace Information: 0 : 3952, 1, 2023/12/05, 16:15:02.214, 125530476181, vstest.console.dll, FilePatternParser: The given file C:\Users\Korisnik\Desktop\Tajra\PWS\VVS\UnitTests\bin\Debug\net6.0\fine-code-coverage\build-output\UnitTests.dll is a full path.
TpTrace Verbose: 0 : 3952, 1, 2023/12/05, 16:15:02.220, 125530531000, vstest.console.dll, TestPluginCache.DiscoverTestExtensions: finding test extensions in assemblies ends with: RuntimeProvider.dll TPluginInfo: Microsoft.VisualStudio.TestPlatform.Common.ExtensionFramework.Utilities.TestRuntimePluginInformation TExtension: Microsoft.VisualStudio.TestPlatform.ObjectModel.Host.ITestRuntimeProvider
TpTrace Verbose: 0 : 3952, 1, 2023/12/05, 16:15:02.220, 125530535114, vstest.console.dll, TestPluginCache.GetExtensionPaths: Filtered extension paths: 
TpTrace Verbose: 0 : 3952, 1, 2023/12/05, 16:15:02.220, 125530536227, vstest.console.dll, TestPluginCache.GetExtensionPaths: Added default extension paths: C:\Program Files\dotnet\sdk\7.0.402\Extensions\Microsoft.Diagnostics.NETCore.Client.dll
C:\Program Files\dotnet\sdk\7.0.402\Extensions\Microsoft.TestPlatform.Extensions.BlameDataCollector.dll
C:\Program Files\dotnet\sdk\7.0.402\Extensions\Microsoft.TestPlatform.Extensions.EventLogCollector.dll
C:\Program Files\dotnet\sdk\7.0.402\Extensions\Microsoft.TestPlatform.TestHostRuntimeProvider.dll
C:\Program Files\dotnet\sdk\7.0.402\Extensions\Microsoft.VisualStudio.TestPlatform.Extensions.Html.TestLogger.dll
C:\Program Files\dotnet\sdk\7.0.402\Extensions\Microsoft.VisualStudio.TestPlatform.Extensions.Trx.TestLogger.dll
TpTrace Verbose: 0 : 3952, 1, 2023/12/05, 16:15:02.220, 125530536681, vstest.console.dll, TestPluginCache.GetExtensionPaths: Added unfilterableExtensionPaths: 
TpTrace Information: 0 : 3952, 1, 2023/12/05, 16:15:02.221, 125530544014, vstest.console.dll, AssemblyResolver.ctor: Creating AssemblyResolver with searchDirectories C:\Program Files\dotnet\sdk\7.0.402\Extensions,C:\Program Files\dotnet\sdk\7.0.402
TpTrace Verbose: 0 : 3952, 1, 2023/12/05, 16:15:02.222, 125530556460, vstest.console.dll, TestPluginCache.DiscoverTestExtensions: Discovering the extensions using extension path.
TpTrace Verbose: 0 : 3952, 1, 2023/12/05, 16:15:02.223, 125530557768, vstest.console.dll, TestPluginCache.GetExtensionPaths: Filtered extension paths: 
TpTrace Verbose: 0 : 3952, 1, 2023/12/05, 16:15:02.223, 125530558312, vstest.console.dll, TestPluginCache.GetExtensionPaths: Added default extension paths: C:\Program Files\dotnet\sdk\7.0.402\Extensions\Microsoft.Diagnostics.NETCore.Client.dll
C:\Program Files\dotnet\sdk\7.0.402\Extensions\Microsoft.TestPlatform.Extensions.BlameDataCollector.dll
C:\Program Files\dotnet\sdk\7.0.402\Extensions\Microsoft.TestPlatform.Extensions.EventLogCollector.dll
C:\Program Files\dotnet\sdk\7.0.402\Extensions\Microsoft.TestPlatform.TestHostRuntimeProvider.dll
C:\Program Files\dotnet\sdk\7.0.402\Extensions\Microsoft.VisualStudio.TestPlatform.Extensions.Html.TestLogger.dll
C:\Program Files\dotnet\sdk\7.0.402\Extensions\Microsoft.VisualStudio.TestPlatform.Extensions.Trx.TestLogger.dll
TpTrace Verbose: 0 : 3952, 1, 2023/12/05, 16:15:02.223, 125530558661, vstest.console.dll, TestPluginCache.GetExtensionPaths: Added unfilterableExtensionPaths: 
TpTrace Verbose: 0 : 3952, 1, 2023/12/05, 16:15:02.223, 125530559593, vstest.console.dll, TestPluginCache.DiscoverTestExtensions: Discovering the extensions using allExtensionPaths: C:\Program Files\dotnet\sdk\7.0.402\Extensions\Microsoft.Diagnostics.NETCore.Client.dll
C:\Program Files\dotnet\sdk\7.0.402\Extensions\Microsoft.TestPlatform.Extensions.BlameDataCollector.dll
C:\Program Files\dotnet\sdk\7.0.402\Extensions\Microsoft.TestPlatform.Extensions.EventLogCollector.dll
C:\Program Files\dotnet\sdk\7.0.402\Extensions\Microsoft.TestPlatform.TestHostRuntimeProvider.dll
C:\Program Files\dotnet\sdk\7.0.402\Extensions\Microsoft.VisualStudio.TestPlatform.Extensions.Html.TestLogger.dll
C:\Program Files\dotnet\sdk\7.0.402\Extensions\Microsoft.VisualStudio.TestPlatform.Extensions.Trx.TestLogger.dll
TpTrace Information: 0 : 3952, 1, 2023/12/05, 16:15:02.223, 125530561350, vstest.console.dll, AssemblyResolver.AddSearchDirectories: Adding more searchDirectories C:\Program Files\dotnet\sdk\7.0.402\Extensions,C:\Program Files\dotnet\sdk\7.0.402
TpTrace Information: 0 : 3952, 1, 2023/12/05, 16:15:02.223, 125530562133, vstest.console.dll, AssemblyResolver.AddSearchDirectories: Adding more searchDirectories C:\Program Files\dotnet\sdk\7.0.402\Extensions,C:\Program Files\dotnet\sdk\7.0.402
TpTrace Information: 0 : 3952, 1, 2023/12/05, 16:15:02.223, 125530562598, vstest.console.dll, AssemblyResolver.AddSearchDirectories: Adding more searchDirectories C:\Program Files\dotnet\sdk\7.0.402\Extensions,C:\Program Files\dotnet\sdk\7.0.402
TpTrace Information: 0 : 3952, 1, 2023/12/05, 16:15:02.223, 125530562944, vstest.console.dll, AssemblyResolver.AddSearchDirectories: Adding more searchDirectories C:\Program Files\dotnet\sdk\7.0.402\Extensions,C:\Program Files\dotnet\sdk\7.0.402
TpTrace Information: 0 : 3952, 1, 2023/12/05, 16:15:02.223, 125530563269, vstest.console.dll, AssemblyResolver.AddSearchDirectories: Adding more searchDirectories C:\Program Files\dotnet\sdk\7.0.402\Extensions,C:\Program Files\dotnet\sdk\7.0.402
TpTrace Information: 0 : 3952, 1, 2023/12/05, 16:15:02.223, 125530563630, vstest.console.dll, AssemblyResolver.AddSearchDirectories: Adding more searchDirectories C:\Program Files\dotnet\sdk\7.0.402\Extensions,C:\Program Files\dotnet\sdk\7.0.402
TpTrace Information: 0 : 3952, 1, 2023/12/05, 16:15:02.224, 125530568181, vstest.console.dll, AssemblyResolver.OnResolve: Microsoft.Diagnostics.NETCore.Client: Resolving assembly.
TpTrace Information: 0 : 3952, 1, 2023/12/05, 16:15:02.224, 125530569148, vstest.console.dll, AssemblyResolver.OnResolve: Microsoft.Diagnostics.NETCore.Client: Searching in: 'C:\Program Files\dotnet\sdk\7.0.402\Extensions'.
TpTrace Information: 0 : 3952, 1, 2023/12/05, 16:15:02.230, 125530635842, vstest.console.dll, AssemblyResolver.OnResolve: Microsoft.Diagnostics.NETCore.Client: Loading assembly 'C:\Program Files\dotnet\sdk\7.0.402\Extensions\Microsoft.Diagnostics.NETCore.Client.dll'.
TpTrace Information: 0 : 3952, 1, 2023/12/05, 16:15:02.231, 125530640716, vstest.console.dll, AssemblyResolver.OnResolve: Resolved assembly: Microsoft.Diagnostics.NETCore.Client, from path: C:\Program Files\dotnet\sdk\7.0.402\Extensions\Microsoft.Diagnostics.NETCore.Client.dll
TpTrace Verbose: 0 : 3952, 1, 2023/12/05, 16:15:02.232, 125530651138, vstest.console.dll, MetadataReaderExtensionsHelper: Discovering extensions inside assembly 'Microsoft.Diagnostics.NETCore.Client, Version=0.2.8.21101, Culture=neutral, PublicKeyToken=31bf3856ad364e35' file path 'C:\Program Files\dotnet\sdk\7.0.402\Extensions\Microsoft.Diagnostics.NETCore.Client.dll'
TpTrace Information: 0 : 3952, 1, 2023/12/05, 16:15:02.235, 125530687317, vstest.console.dll, AssemblyResolver.OnResolve: Microsoft.Bcl.AsyncInterfaces: Resolving assembly.
TpTrace Information: 0 : 3952, 1, 2023/12/05, 16:15:02.236, 125530688458, vstest.console.dll, AssemblyResolver.OnResolve: Microsoft.Bcl.AsyncInterfaces: Searching in: 'C:\Program Files\dotnet\sdk\7.0.402\Extensions'.
TpTrace Information: 0 : 3952, 1, 2023/12/05, 16:15:02.236, 125530689587, vstest.console.dll, AssemblyResolver.OnResolve: Microsoft.Bcl.AsyncInterfaces: Assembly path does not exist: 'C:\Program Files\dotnet\sdk\7.0.402\Extensions\Microsoft.Bcl.AsyncInterfaces.dll', returning.
TpTrace Information: 0 : 3952, 1, 2023/12/05, 16:15:02.236, 125530690924, vstest.console.dll, AssemblyResolver.OnResolve: Microsoft.Bcl.AsyncInterfaces: Assembly path does not exist: 'C:\Program Files\dotnet\sdk\7.0.402\Extensions\Microsoft.Bcl.AsyncInterfaces.exe', returning.
TpTrace Information: 0 : 3952, 1, 2023/12/05, 16:15:02.236, 125530691303, vstest.console.dll, AssemblyResolver.OnResolve: Microsoft.Bcl.AsyncInterfaces: Searching in: 'C:\Program Files\dotnet\sdk\7.0.402'.
TpTrace Information: 0 : 3952, 1, 2023/12/05, 16:15:02.236, 125530691853, vstest.console.dll, AssemblyResolver.OnResolve: Microsoft.Bcl.AsyncInterfaces: Assembly path does not exist: 'C:\Program Files\dotnet\sdk\7.0.402\Microsoft.Bcl.AsyncInterfaces.dll', returning.
TpTrace Information: 0 : 3952, 1, 2023/12/05, 16:15:02.236, 125530692380, vstest.console.dll, AssemblyResolver.OnResolve: Microsoft.Bcl.AsyncInterfaces: Assembly path does not exist: 'C:\Program Files\dotnet\sdk\7.0.402\Microsoft.Bcl.AsyncInterfaces.exe', returning.
TpTrace Information: 0 : 3952, 1, 2023/12/05, 16:15:02.236, 125530692752, vstest.console.dll, AssemblyResolver.OnResolve: Microsoft.Bcl.AsyncInterfaces: Failed to load assembly.
TpTrace Verbose: 0 : 3952, 1, 2023/12/05, 16:15:02.236, 125530693143, vstest.console.dll, CurrentDomainAssemblyResolve: Resolving assembly 'Microsoft.Bcl.AsyncInterfaces'.
TpTrace Information: 0 : 3952, 1, 2023/12/05, 16:15:02.236, 125530693781, vstest.console.dll, AssemblyResolver.OnResolve: Microsoft.Bcl.AsyncInterfaces: Resolving assembly.
TpTrace Information: 0 : 3952, 1, 2023/12/05, 16:15:02.236, 125530694198, vstest.console.dll, AssemblyResolver.OnResolve: Microsoft.Bcl.AsyncInterfaces: Resolved from cache.
TpTrace Verbose: 0 : 3952, 1, 2023/12/05, 16:15:02.236, 125530694498, vstest.console.dll, CurrentDomainAssemblyResolve: Resolving assembly 'Microsoft.Bcl.AsyncInterfaces'.
TpTrace Verbose: 0 : 3952, 1, 2023/12/05, 16:15:02.236, 125530694864, vstest.console.dll, CurrentDomainAssemblyResolve: Failed to resolve assembly 'Microsoft.Bcl.AsyncInterfaces'.
TpTrace Verbose: 0 : 3952, 1, 2023/12/05, 16:15:02.237, 125530701333, vstest.console.dll, CurrentDomainAssemblyResolve: Failed to resolve assembly 'Microsoft.Bcl.AsyncInterfaces'.
TpTrace Warning: 0 : 3952, 1, 2023/12/05, 16:15:02.246, 125530795902, vstest.console.dll, TestPluginDiscoverer: Failed to get types from assembly 'Microsoft.Diagnostics.NETCore.Client, Version=0.2.8.21101, Culture=neutral, PublicKeyToken=31bf3856ad364e35'. Error: System.Reflection.ReflectionTypeLoadException: Unable to load one or more of the requested types.
Could not load file or assembly 'Microsoft.Bcl.AsyncInterfaces, Version=1.0.0.0, Culture=neutral, PublicKeyToken=cc7b13ffcd2ddd51'. The system cannot find the file specified.
   at System.Reflection.RuntimeModule.GetTypes(RuntimeModule module)
   at System.Reflection.Assembly.GetTypes()
   at Microsoft.VisualStudio.TestPlatform.Common.ExtensionFramework.TestPluginDiscoverer.GetTestExtensionsFromAssembly[TPluginInfo,TExtension](Assembly assembly, Dictionary`2 pluginInfos, String filePath) in /_/src/Microsoft.TestPlatform.Common/ExtensionFramework/TestPluginDiscoverer.cs:line 158
System.IO.FileNotFoundException: Could not load file or assembly 'Microsoft.Bcl.AsyncInterfaces, Version=1.0.0.0, Culture=neutral, PublicKeyToken=cc7b13ffcd2ddd51'. The system cannot find the file specified.
File name: 'Microsoft.Bcl.AsyncInterfaces, Version=1.0.0.0, Culture=neutral, PublicKeyToken=cc7b13ffcd2ddd51'
 ---> System.IO.FileNotFoundException: Could not load file or assembly 'Microsoft.Bcl.AsyncInterfaces, Culture=neutral, PublicKeyToken=null'. The system cannot find the file specified.
File name: 'Microsoft.Bcl.AsyncInterfaces, Culture=neutral, PublicKeyToken=null'
   at System.Reflection.RuntimeAssembly.InternalLoad(AssemblyName assemblyName, StackCrawlMark& stackMark, AssemblyLoadContext assemblyLoadContext, RuntimeAssembly requestingAssembly, Boolean throwOnFileNotFound)
   at System.Reflection.Assembly.Load(AssemblyName assemblyRef)
   at Microsoft.VisualStudio.TestPlatform.Common.ExtensionFramework.TestPluginCache.CurrentDomainAssemblyResolve(Object sender, AssemblyResolveEventArgs args) in /_/src/Microsoft.TestPlatform.Common/ExtensionFramework/TestPluginCache.cs:line 513
   at System.Runtime.Loader.AssemblyLoadContext.GetFirstResolvedAssemblyFromResolvingEvent(AssemblyName assemblyName)
   at System.Runtime.Loader.AssemblyLoadContext.ResolveUsingEvent(AssemblyName assemblyName)
   at System.Runtime.Loader.AssemblyLoadContext.ResolveUsingResolvingEvent(IntPtr gchManagedAssemblyLoadContext, AssemblyName assemblyName)
TpTrace Warning: 0 : 3952, 1, 2023/12/05, 16:15:02.247, 125530799712, vstest.console.dll, LoaderExceptions: System.IO.FileNotFoundException: Could not load file or assembly 'Microsoft.Bcl.AsyncInterfaces, Version=1.0.0.0, Culture=neutral, PublicKeyToken=cc7b13ffcd2ddd51'. The system cannot find the file specified.
File name: 'Microsoft.Bcl.AsyncInterfaces, Version=1.0.0.0, Culture=neutral, PublicKeyToken=cc7b13ffcd2ddd51'
 ---> System.IO.FileNotFoundException: Could not load file or assembly 'Microsoft.Bcl.AsyncInterfaces, Culture=neutral, PublicKeyToken=null'. The system cannot find the file specified.
File name: 'Microsoft.Bcl.AsyncInterfaces, Culture=neutral, PublicKeyToken=null'
   at System.Reflection.RuntimeAssembly.InternalLoad(AssemblyName assemblyName, StackCrawlMark& stackMark, AssemblyLoadContext assemblyLoadContext, RuntimeAssembly requestingAssembly, Boolean throwOnFileNotFound)
   at System.Reflection.Assembly.Load(AssemblyName assemblyRef)
   at Microsoft.VisualStudio.TestPlatform.Common.ExtensionFramework.TestPluginCache.CurrentDomainAssemblyResolve(Object sender, AssemblyResolveEventArgs args) in /_/src/Microsoft.TestPlatform.Common/ExtensionFramework/TestPluginCache.cs:line 513
   at System.Runtime.Loader.AssemblyLoadContext.GetFirstResolvedAssemblyFromResolvingEvent(AssemblyName assemblyName)
   at System.Runtime.Loader.AssemblyLoadContext.ResolveUsingEvent(AssemblyName assemblyName)
   at System.Runtime.Loader.AssemblyLoadContext.ResolveUsingResolvingEvent(IntPtr gchManagedAssemblyLoadContext, AssemblyName assemblyName)
TpTrace Information: 0 : 3952, 1, 2023/12/05, 16:15:02.247, 125530801266, vstest.console.dll, AssemblyResolver.OnResolve: Microsoft.TestPlatform.Extensions.BlameDataCollector: Resolving assembly.
TpTrace Information: 0 : 3952, 1, 2023/12/05, 16:15:02.247, 125530801816, vstest.console.dll, AssemblyResolver.OnResolve: Microsoft.TestPlatform.Extensions.BlameDataCollector: Searching in: 'C:\Program Files\dotnet\sdk\7.0.402\Extensions'.
TpTrace Information: 0 : 3952, 1, 2023/12/05, 16:15:02.247, 125530804634, vstest.console.dll, AssemblyResolver.OnResolve: Microsoft.TestPlatform.Extensions.BlameDataCollector: Loading assembly 'C:\Program Files\dotnet\sdk\7.0.402\Extensions\Microsoft.TestPlatform.Extensions.BlameDataCollector.dll'.
TpTrace Information: 0 : 3952, 1, 2023/12/05, 16:15:02.248, 125530808622, vstest.console.dll, AssemblyResolver.OnResolve: Resolved assembly: Microsoft.TestPlatform.Extensions.BlameDataCollector, from path: C:\Program Files\dotnet\sdk\7.0.402\Extensions\Microsoft.TestPlatform.Extensions.BlameDataCollector.dll
TpTrace Verbose: 0 : 3952, 1, 2023/12/05, 16:15:02.248, 125530809389, vstest.console.dll, MetadataReaderExtensionsHelper: Discovering extensions inside assembly 'Microsoft.TestPlatform.Extensions.BlameDataCollector, Version=15.0.0.0, Culture=neutral, PublicKeyToken=b03f5f7f11d50a3a' file path 'C:\Program Files\dotnet\sdk\7.0.402\Extensions\Microsoft.TestPlatform.Extensions.BlameDataCollector.dll'
TpTrace Information: 0 : 3952, 1, 2023/12/05, 16:15:02.249, 125530821427, vstest.console.dll, AssemblyResolver.OnResolve: Microsoft.TestPlatform.Extensions.EventLogCollector: Resolving assembly.
TpTrace Information: 0 : 3952, 1, 2023/12/05, 16:15:02.249, 125530822042, vstest.console.dll, AssemblyResolver.OnResolve: Microsoft.TestPlatform.Extensions.EventLogCollector: Searching in: 'C:\Program Files\dotnet\sdk\7.0.402\Extensions'.
TpTrace Information: 0 : 3952, 1, 2023/12/05, 16:15:02.249, 125530824442, vstest.console.dll, AssemblyResolver.OnResolve: Microsoft.TestPlatform.Extensions.EventLogCollector: Loading assembly 'C:\Program Files\dotnet\sdk\7.0.402\Extensions\Microsoft.TestPlatform.Extensions.EventLogCollector.dll'.
TpTrace Information: 0 : 3952, 1, 2023/12/05, 16:15:02.249, 125530827352, vstest.console.dll, AssemblyResolver.OnResolve: Resolved assembly: Microsoft.TestPlatform.Extensions.EventLogCollector, from path: C:\Program Files\dotnet\sdk\7.0.402\Extensions\Microsoft.TestPlatform.Extensions.EventLogCollector.dll
TpTrace Verbose: 0 : 3952, 1, 2023/12/05, 16:15:02.250, 125530827948, vstest.console.dll, MetadataReaderExtensionsHelper: Discovering extensions inside assembly 'Microsoft.TestPlatform.Extensions.EventLogCollector, Version=15.0.0.0, Culture=neutral, PublicKeyToken=b03f5f7f11d50a3a' file path 'C:\Program Files\dotnet\sdk\7.0.402\Extensions\Microsoft.TestPlatform.Extensions.EventLogCollector.dll'
TpTrace Information: 0 : 3952, 1, 2023/12/05, 16:15:02.251, 125530842798, vstest.console.dll, AssemblyResolver.OnResolve: Microsoft.TestPlatform.TestHostRuntimeProvider: Resolving assembly.
TpTrace Information: 0 : 3952, 1, 2023/12/05, 16:15:02.251, 125530843464, vstest.console.dll, AssemblyResolver.OnResolve: Microsoft.TestPlatform.TestHostRuntimeProvider: Searching in: 'C:\Program Files\dotnet\sdk\7.0.402\Extensions'.
TpTrace Information: 0 : 3952, 1, 2023/12/05, 16:15:02.251, 125530845519, vstest.console.dll, AssemblyResolver.OnResolve: Microsoft.TestPlatform.TestHostRuntimeProvider: Loading assembly 'C:\Program Files\dotnet\sdk\7.0.402\Extensions\Microsoft.TestPlatform.TestHostRuntimeProvider.dll'.
TpTrace Information: 0 : 3952, 1, 2023/12/05, 16:15:02.252, 125530849107, vstest.console.dll, AssemblyResolver.OnResolve: Resolved assembly: Microsoft.TestPlatform.TestHostRuntimeProvider, from path: C:\Program Files\dotnet\sdk\7.0.402\Extensions\Microsoft.TestPlatform.TestHostRuntimeProvider.dll
TpTrace Verbose: 0 : 3952, 1, 2023/12/05, 16:15:02.252, 125530850354, vstest.console.dll, MetadataReaderExtensionsHelper: Discovering extensions inside assembly 'Microsoft.TestPlatform.TestHostRuntimeProvider, Version=15.0.0.0, Culture=neutral, PublicKeyToken=b03f5f7f11d50a3a' file path 'C:\Program Files\dotnet\sdk\7.0.402\Extensions\Microsoft.TestPlatform.TestHostRuntimeProvider.dll'
TpTrace Information: 0 : 3952, 1, 2023/12/05, 16:15:02.253, 125530866710, vstest.console.dll, GetTestExtensionFromType: Register extension with identifier data 'HostProvider://DefaultTestHost' and type 'Microsoft.VisualStudio.TestPlatform.CrossPlatEngine.Hosting.DefaultTestHostManager, Microsoft.TestPlatform.TestHostRuntimeProvider, Version=15.0.0.0, Culture=neutral, PublicKeyToken=b03f5f7f11d50a3a' inside file 'C:\Program Files\dotnet\sdk\7.0.402\Extensions\Microsoft.TestPlatform.TestHostRuntimeProvider.dll'
TpTrace Information: 0 : 3952, 1, 2023/12/05, 16:15:02.254, 125530868953, vstest.console.dll, GetTestExtensionFromType: Register extension with identifier data 'HostProvider://DotnetTestHost' and type 'Microsoft.VisualStudio.TestPlatform.CrossPlatEngine.Hosting.DotnetTestHostManager, Microsoft.TestPlatform.TestHostRuntimeProvider, Version=15.0.0.0, Culture=neutral, PublicKeyToken=b03f5f7f11d50a3a' inside file 'C:\Program Files\dotnet\sdk\7.0.402\Extensions\Microsoft.TestPlatform.TestHostRuntimeProvider.dll'
TpTrace Information: 0 : 3952, 1, 2023/12/05, 16:15:02.254, 125530869764, vstest.console.dll, AssemblyResolver.OnResolve: Microsoft.VisualStudio.TestPlatform.Extensions.Html.TestLogger: Resolving assembly.
TpTrace Information: 0 : 3952, 1, 2023/12/05, 16:15:02.254, 125530870218, vstest.console.dll, AssemblyResolver.OnResolve: Microsoft.VisualStudio.TestPlatform.Extensions.Html.TestLogger: Searching in: 'C:\Program Files\dotnet\sdk\7.0.402\Extensions'.
TpTrace Information: 0 : 3952, 1, 2023/12/05, 16:15:02.254, 125530872387, vstest.console.dll, AssemblyResolver.OnResolve: Microsoft.VisualStudio.TestPlatform.Extensions.Html.TestLogger: Loading assembly 'C:\Program Files\dotnet\sdk\7.0.402\Extensions\Microsoft.VisualStudio.TestPlatform.Extensions.Html.TestLogger.dll'.
TpTrace Information: 0 : 3952, 1, 2023/12/05, 16:15:02.254, 125530875814, vstest.console.dll, AssemblyResolver.OnResolve: Resolved assembly: Microsoft.VisualStudio.TestPlatform.Extensions.Html.TestLogger, from path: C:\Program Files\dotnet\sdk\7.0.402\Extensions\Microsoft.VisualStudio.TestPlatform.Extensions.Html.TestLogger.dll
TpTrace Verbose: 0 : 3952, 1, 2023/12/05, 16:15:02.254, 125530876461, vstest.console.dll, MetadataReaderExtensionsHelper: Discovering extensions inside assembly 'Microsoft.VisualStudio.TestPlatform.Extensions.Html.TestLogger, Version=15.0.0.0, Culture=neutral, PublicKeyToken=b03f5f7f11d50a3a' file path 'C:\Program Files\dotnet\sdk\7.0.402\Extensions\Microsoft.VisualStudio.TestPlatform.Extensions.Html.TestLogger.dll'
TpTrace Information: 0 : 3952, 1, 2023/12/05, 16:15:02.255, 125530882403, vstest.console.dll, AssemblyResolver.OnResolve: Microsoft.VisualStudio.TestPlatform.Extensions.Trx.TestLogger: Resolving assembly.
TpTrace Information: 0 : 3952, 1, 2023/12/05, 16:15:02.255, 125530882981, vstest.console.dll, AssemblyResolver.OnResolve: Microsoft.VisualStudio.TestPlatform.Extensions.Trx.TestLogger: Searching in: 'C:\Program Files\dotnet\sdk\7.0.402\Extensions'.
TpTrace Information: 0 : 3952, 1, 2023/12/05, 16:15:02.255, 125530884980, vstest.console.dll, AssemblyResolver.OnResolve: Microsoft.VisualStudio.TestPlatform.Extensions.Trx.TestLogger: Loading assembly 'C:\Program Files\dotnet\sdk\7.0.402\Extensions\Microsoft.VisualStudio.TestPlatform.Extensions.Trx.TestLogger.dll'.
TpTrace Information: 0 : 3952, 1, 2023/12/05, 16:15:02.256, 125530888624, vstest.console.dll, AssemblyResolver.OnResolve: Resolved assembly: Microsoft.VisualStudio.TestPlatform.Extensions.Trx.TestLogger, from path: C:\Program Files\dotnet\sdk\7.0.402\Extensions\Microsoft.VisualStudio.TestPlatform.Extensions.Trx.TestLogger.dll
TpTrace Verbose: 0 : 3952, 1, 2023/12/05, 16:15:02.256, 125530889227, vstest.console.dll, MetadataReaderExtensionsHelper: Discovering extensions inside assembly 'Microsoft.VisualStudio.TestPlatform.Extensions.Trx.TestLogger, Version=15.0.0.0, Culture=neutral, PublicKeyToken=b03f5f7f11d50a3a' file path 'C:\Program Files\dotnet\sdk\7.0.402\Extensions\Microsoft.VisualStudio.TestPlatform.Extensions.Trx.TestLogger.dll'
TpTrace Verbose: 0 : 3952, 1, 2023/12/05, 16:15:02.257, 125530897657, vstest.console.dll, TestPluginCache: Discovered the extensions using extension path ''.
TpTrace Verbose: 0 : 3952, 1, 2023/12/05, 16:15:02.257, 125530898249, vstest.console.dll, TestPluginCache: Discoverers are ''.
TpTrace Verbose: 0 : 3952, 1, 2023/12/05, 16:15:02.257, 125530898532, vstest.console.dll, TestPluginCache: Executors are ''.
TpTrace Verbose: 0 : 3952, 1, 2023/12/05, 16:15:02.257, 125530898774, vstest.console.dll, TestPluginCache: Executors2 are ''.
TpTrace Verbose: 0 : 3952, 1, 2023/12/05, 16:15:02.257, 125530899003, vstest.console.dll, TestPluginCache: Setting providers are ''.
TpTrace Verbose: 0 : 3952, 1, 2023/12/05, 16:15:02.257, 125530899234, vstest.console.dll, TestPluginCache: Loggers are ''.
TpTrace Verbose: 0 : 3952, 1, 2023/12/05, 16:15:02.257, 125530900488, vstest.console.dll, TestPluginCache: TestHosts are 'HostProvider://DefaultTestHost,HostProvider://DotnetTestHost'.
TpTrace Verbose: 0 : 3952, 1, 2023/12/05, 16:15:02.257, 125530900891, vstest.console.dll, TestPluginCache: DataCollectors are ''.
TpTrace Information: 0 : 3952, 1, 2023/12/05, 16:15:02.266, 125530987711, vstest.console.dll, RunTestsArgumentProcessor:Execute: Test run is starting.
TpTrace Verbose: 0 : 3952, 1, 2023/12/05, 16:15:02.266, 125530988529, vstest.console.dll, RunTestsArgumentProcessor:Execute: Queuing Test run.
TpTrace Information: 0 : 3952, 1, 2023/12/05, 16:15:02.266, 125530991405, vstest.console.dll, TestRequestManager.RunTests: run tests started.
TpTrace Information: 0 : 3952, 1, 2023/12/05, 16:15:02.267, 125531004025, vstest.console.dll, AssemblyMetadataProvider.GetFrameworkName: Determined framework:'.NETCoreApp,Version=v6.0' for source: 'C:\Users\Korisnik\Desktop\Tajra\PWS\VVS\UnitTests\bin\Debug\net6.0\fine-code-coverage\build-output\UnitTests.dll'
TpTrace Information: 0 : 3952, 1, 2023/12/05, 16:15:02.267, 125531005590, vstest.console.dll, Determined framework for all sources: .NETCoreApp,Version=v6.0
TpTrace Verbose: 0 : 3952, 1, 2023/12/05, 16:15:02.268, 125531010507, vstest.console.dll, TestRequestManager.UpdateRunSettingsIfRequired: Default architecture: X64 IsDefaultTargetArchitecture: True, Current process architecture: X64 OperatingSystem: Windows.
TpTrace Information: 0 : 3952, 1, 2023/12/05, 16:15:02.270, 125531029646, vstest.console.dll, AssemblyMetadataProvider.GetArchitecture: Determined architecture:AnyCPU info for assembly: C:\Users\Korisnik\Desktop\Tajra\PWS\VVS\UnitTests\bin\Debug\net6.0\fine-code-coverage\build-output\UnitTests.dll
TpTrace Information: 0 : 3952, 1, 2023/12/05, 16:15:02.270, 125531030284, vstest.console.dll, Determined platform for source 'C:\Users\Korisnik\Desktop\Tajra\PWS\VVS\UnitTests\bin\Debug\net6.0\fine-code-coverage\build-output\UnitTests.dll' was AnyCPU and it will use the default plaform X64.
TpTrace Information: 0 : 3952, 1, 2023/12/05, 16:15:02.270, 125531030585, vstest.console.dll, None of the sources provided any runnable platform, using the default platform: X64
TpTrace Information: 0 : 3952, 1, 2023/12/05, 16:15:02.270, 125531031533, vstest.console.dll, Platform was updated to 'X64'.
TpTrace Information: 0 : 3952, 1, 2023/12/05, 16:15:02.273, 125531066024, vstest.console.dll, InferRunSettingsHelper.IsTestSettingsEnabled: Unable to navigate to RunSettings/MSTest. Current node: RunSettings
TpTrace Information: 0 : 3952, 1, 2023/12/05, 16:15:02.274, 125531072860, vstest.console.dll, AssemblyResolver.OnResolve: Microsoft.VisualStudio.TestPlatform.Fakes: Resolving assembly.
TpTrace Information: 0 : 3952, 1, 2023/12/05, 16:15:02.274, 125531073621, vstest.console.dll, AssemblyResolver.OnResolve: Microsoft.VisualStudio.TestPlatform.Fakes: Searching in: 'C:\Program Files\dotnet\sdk\7.0.402\Extensions'.
TpTrace Information: 0 : 3952, 1, 2023/12/05, 16:15:02.274, 125531074383, vstest.console.dll, AssemblyResolver.OnResolve: Microsoft.VisualStudio.TestPlatform.Fakes: Assembly path does not exist: 'C:\Program Files\dotnet\sdk\7.0.402\Extensions\Microsoft.VisualStudio.TestPlatform.Fakes.dll', returning.
TpTrace Information: 0 : 3952, 1, 2023/12/05, 16:15:02.274, 125531075004, vstest.console.dll, AssemblyResolver.OnResolve: Microsoft.VisualStudio.TestPlatform.Fakes: Assembly path does not exist: 'C:\Program Files\dotnet\sdk\7.0.402\Extensions\Microsoft.VisualStudio.TestPlatform.Fakes.exe', returning.
TpTrace Information: 0 : 3952, 1, 2023/12/05, 16:15:02.274, 125531075311, vstest.console.dll, AssemblyResolver.OnResolve: Microsoft.VisualStudio.TestPlatform.Fakes: Searching in: 'C:\Program Files\dotnet\sdk\7.0.402'.
TpTrace Information: 0 : 3952, 1, 2023/12/05, 16:15:02.274, 125531075806, vstest.console.dll, AssemblyResolver.OnResolve: Microsoft.VisualStudio.TestPlatform.Fakes: Assembly path does not exist: 'C:\Program Files\dotnet\sdk\7.0.402\Microsoft.VisualStudio.TestPlatform.Fakes.dll', returning.
TpTrace Information: 0 : 3952, 1, 2023/12/05, 16:15:02.274, 125531076378, vstest.console.dll, AssemblyResolver.OnResolve: Microsoft.VisualStudio.TestPlatform.Fakes: Assembly path does not exist: 'C:\Program Files\dotnet\sdk\7.0.402\Microsoft.VisualStudio.TestPlatform.Fakes.exe', returning.
TpTrace Information: 0 : 3952, 1, 2023/12/05, 16:15:02.274, 125531076714, vstest.console.dll, AssemblyResolver.OnResolve: Microsoft.VisualStudio.TestPlatform.Fakes: Failed to load assembly.
TpTrace Information: 0 : 3952, 1, 2023/12/05, 16:15:02.275, 125531079344, vstest.console.dll, Failed to load assembly Microsoft.VisualStudio.TestPlatform.Fakes, Version=17.0.0.0, Culture=neutral. Reason:System.IO.FileNotFoundException: Could not load file or assembly 'Microsoft.VisualStudio.TestPlatform.Fakes, Version=17.0.0.0, Culture=neutral, PublicKeyToken=null'. The system cannot find the file specified.
File name: 'Microsoft.VisualStudio.TestPlatform.Fakes, Version=17.0.0.0, Culture=neutral, PublicKeyToken=null'
   at System.Reflection.RuntimeAssembly.InternalLoad(AssemblyName assemblyName, StackCrawlMark& stackMark, AssemblyLoadContext assemblyLoadContext, RuntimeAssembly requestingAssembly, Boolean throwOnFileNotFound)
   at System.Reflection.Assembly.Load(AssemblyName assemblyRef)
   at Microsoft.VisualStudio.TestPlatform.Common.Utilities.FakesUtilities.LoadTestPlatformAssembly() in /_/src/Microsoft.TestPlatform.Common/Utilities/FakesUtilities.cs:line 272
TpTrace Verbose: 0 : 3952, 1, 2023/12/05, 16:15:02.279, 125531127353, vstest.console.dll, TestPluginCache.DiscoverTestExtensions: finding test extensions in assemblies ends with: TestLogger.dll TPluginInfo: Microsoft.VisualStudio.TestPlatform.Common.ExtensionFramework.Utilities.TestLoggerPluginInformation TExtension: Microsoft.VisualStudio.TestPlatform.ObjectModel.Client.ITestLogger
TpTrace Verbose: 0 : 3952, 1, 2023/12/05, 16:15:02.280, 125531128833, vstest.console.dll, TestPluginCache.GetExtensionPaths: Filtered extension paths: 
TpTrace Verbose: 0 : 3952, 1, 2023/12/05, 16:15:02.280, 125531129344, vstest.console.dll, TestPluginCache.GetExtensionPaths: Added default extension paths: C:\Program Files\dotnet\sdk\7.0.402\Extensions\Microsoft.Diagnostics.NETCore.Client.dll
C:\Program Files\dotnet\sdk\7.0.402\Extensions\Microsoft.TestPlatform.Extensions.BlameDataCollector.dll
C:\Program Files\dotnet\sdk\7.0.402\Extensions\Microsoft.TestPlatform.Extensions.EventLogCollector.dll
C:\Program Files\dotnet\sdk\7.0.402\Extensions\Microsoft.TestPlatform.TestHostRuntimeProvider.dll
C:\Program Files\dotnet\sdk\7.0.402\Extensions\Microsoft.VisualStudio.TestPlatform.Extensions.Html.TestLogger.dll
C:\Program Files\dotnet\sdk\7.0.402\Extensions\Microsoft.VisualStudio.TestPlatform.Extensions.Trx.TestLogger.dll
TpTrace Verbose: 0 : 3952, 1, 2023/12/05, 16:15:02.280, 125531129657, vstest.console.dll, TestPluginCache.GetExtensionPaths: Added unfilterableExtensionPaths: 
TpTrace Information: 0 : 3952, 1, 2023/12/05, 16:15:02.280, 125531131434, vstest.console.dll, AssemblyResolver.AddSearchDirectories: Adding more searchDirectories C:\Program Files\dotnet\sdk\7.0.402\Extensions,C:\Program Files\dotnet\sdk\7.0.402
TpTrace Verbose: 0 : 3952, 1, 2023/12/05, 16:15:02.280, 125531132244, vstest.console.dll, TestPluginCache.DiscoverTestExtensions: Discovering the extensions using extension path.
TpTrace Verbose: 0 : 3952, 1, 2023/12/05, 16:15:02.280, 125531132687, vstest.console.dll, TestPluginCache.GetExtensionPaths: Filtered extension paths: 
TpTrace Verbose: 0 : 3952, 1, 2023/12/05, 16:15:02.280, 125531133301, vstest.console.dll, TestPluginCache.GetExtensionPaths: Added default extension paths: C:\Program Files\dotnet\sdk\7.0.402\Extensions\Microsoft.Diagnostics.NETCore.Client.dll
C:\Program Files\dotnet\sdk\7.0.402\Extensions\Microsoft.TestPlatform.Extensions.BlameDataCollector.dll
C:\Program Files\dotnet\sdk\7.0.402\Extensions\Microsoft.TestPlatform.Extensions.EventLogCollector.dll
C:\Program Files\dotnet\sdk\7.0.402\Extensions\Microsoft.TestPlatform.TestHostRuntimeProvider.dll
C:\Program Files\dotnet\sdk\7.0.402\Extensions\Microsoft.VisualStudio.TestPlatform.Extensions.Html.TestLogger.dll
C:\Program Files\dotnet\sdk\7.0.402\Extensions\Microsoft.VisualStudio.TestPlatform.Extensions.Trx.TestLogger.dll
TpTrace Verbose: 0 : 3952, 1, 2023/12/05, 16:15:02.280, 125531133641, vstest.console.dll, TestPluginCache.GetExtensionPaths: Added unfilterableExtensionPaths: 
TpTrace Verbose: 0 : 3952, 1, 2023/12/05, 16:15:02.280, 125531133952, vstest.console.dll, TestPluginCache.DiscoverTestExtensions: Discovering the extensions using allExtensionPaths: C:\Program Files\dotnet\sdk\7.0.402\Extensions\Microsoft.Diagnostics.NETCore.Client.dll
C:\Program Files\dotnet\sdk\7.0.402\Extensions\Microsoft.TestPlatform.Extensions.BlameDataCollector.dll
C:\Program Files\dotnet\sdk\7.0.402\Extensions\Microsoft.TestPlatform.Extensions.EventLogCollector.dll
C:\Program Files\dotnet\sdk\7.0.402\Extensions\Microsoft.TestPlatform.TestHostRuntimeProvider.dll
C:\Program Files\dotnet\sdk\7.0.402\Extensions\Microsoft.VisualStudio.TestPlatform.Extensions.Html.TestLogger.dll
C:\Program Files\dotnet\sdk\7.0.402\Extensions\Microsoft.VisualStudio.TestPlatform.Extensions.Trx.TestLogger.dll
TpTrace Information: 0 : 3952, 1, 2023/12/05, 16:15:02.280, 125531135074, vstest.console.dll, AssemblyResolver.AddSearchDirectories: Adding more searchDirectories C:\Program Files\dotnet\sdk\7.0.402\Extensions,C:\Program Files\dotnet\sdk\7.0.402
TpTrace Information: 0 : 3952, 1, 2023/12/05, 16:15:02.280, 125531135686, vstest.console.dll, AssemblyResolver.AddSearchDirectories: Adding more searchDirectories C:\Program Files\dotnet\sdk\7.0.402\Extensions,C:\Program Files\dotnet\sdk\7.0.402
TpTrace Information: 0 : 3952, 1, 2023/12/05, 16:15:02.280, 125531136145, vstest.console.dll, AssemblyResolver.AddSearchDirectories: Adding more searchDirectories C:\Program Files\dotnet\sdk\7.0.402\Extensions,C:\Program Files\dotnet\sdk\7.0.402
TpTrace Information: 0 : 3952, 1, 2023/12/05, 16:15:02.280, 125531136690, vstest.console.dll, AssemblyResolver.AddSearchDirectories: Adding more searchDirectories C:\Program Files\dotnet\sdk\7.0.402\Extensions,C:\Program Files\dotnet\sdk\7.0.402
TpTrace Information: 0 : 3952, 1, 2023/12/05, 16:15:02.280, 125531137152, vstest.console.dll, AssemblyResolver.AddSearchDirectories: Adding more searchDirectories C:\Program Files\dotnet\sdk\7.0.402\Extensions,C:\Program Files\dotnet\sdk\7.0.402
TpTrace Information: 0 : 3952, 1, 2023/12/05, 16:15:02.281, 125531137473, vstest.console.dll, AssemblyResolver.AddSearchDirectories: Adding more searchDirectories C:\Program Files\dotnet\sdk\7.0.402\Extensions,C:\Program Files\dotnet\sdk\7.0.402
TpTrace Verbose: 0 : 3952, 1, 2023/12/05, 16:15:02.281, 125531139102, vstest.console.dll, MetadataReaderExtensionsHelper: Discovering extensions inside assembly 'Microsoft.Diagnostics.NETCore.Client, Version=0.2.8.21101, Culture=neutral, PublicKeyToken=31bf3856ad364e35' file path 'C:\Program Files\dotnet\sdk\7.0.402\Extensions\Microsoft.Diagnostics.NETCore.Client.dll'
TpTrace Information: 0 : 3952, 1, 2023/12/05, 16:15:02.281, 125531147298, vstest.console.dll, AssemblyResolver.OnResolve: Microsoft.Bcl.AsyncInterfaces: Resolving assembly.
TpTrace Information: 0 : 3952, 1, 2023/12/05, 16:15:02.282, 125531148291, vstest.console.dll, AssemblyResolver.OnResolve: Microsoft.Bcl.AsyncInterfaces: Resolved from cache.
TpTrace Verbose: 0 : 3952, 1, 2023/12/05, 16:15:02.282, 125531148621, vstest.console.dll, CurrentDomainAssemblyResolve: Resolving assembly 'Microsoft.Bcl.AsyncInterfaces'.
TpTrace Information: 0 : 3952, 1, 2023/12/05, 16:15:02.282, 125531149335, vstest.console.dll, AssemblyResolver.OnResolve: Microsoft.Bcl.AsyncInterfaces: Resolving assembly.
TpTrace Information: 0 : 3952, 1, 2023/12/05, 16:15:02.282, 125531149831, vstest.console.dll, AssemblyResolver.OnResolve: Microsoft.Bcl.AsyncInterfaces: Resolved from cache.
TpTrace Verbose: 0 : 3952, 1, 2023/12/05, 16:15:02.282, 125531150236, vstest.console.dll, CurrentDomainAssemblyResolve: Resolving assembly 'Microsoft.Bcl.AsyncInterfaces'.
TpTrace Verbose: 0 : 3952, 1, 2023/12/05, 16:15:02.282, 125531150668, vstest.console.dll, CurrentDomainAssemblyResolve: Failed to resolve assembly 'Microsoft.Bcl.AsyncInterfaces'.
TpTrace Verbose: 0 : 3952, 1, 2023/12/05, 16:15:02.282, 125531152588, vstest.console.dll, CurrentDomainAssemblyResolve: Failed to resolve assembly 'Microsoft.Bcl.AsyncInterfaces'.
TpTrace Warning: 0 : 3952, 1, 2023/12/05, 16:15:02.282, 125531157356, vstest.console.dll, TestPluginDiscoverer: Failed to get types from assembly 'Microsoft.Diagnostics.NETCore.Client, Version=0.2.8.21101, Culture=neutral, PublicKeyToken=31bf3856ad364e35'. Error: System.Reflection.ReflectionTypeLoadException: Unable to load one or more of the requested types.
Could not load file or assembly 'Microsoft.Bcl.AsyncInterfaces, Version=1.0.0.0, Culture=neutral, PublicKeyToken=cc7b13ffcd2ddd51'. The system cannot find the file specified.
   at System.Reflection.RuntimeModule.GetTypes(RuntimeModule module)
   at System.Reflection.Assembly.GetTypes()
   at Microsoft.VisualStudio.TestPlatform.Common.ExtensionFramework.TestPluginDiscoverer.GetTestExtensionsFromAssembly[TPluginInfo,TExtension](Assembly assembly, Dictionary`2 pluginInfos, String filePath) in /_/src/Microsoft.TestPlatform.Common/ExtensionFramework/TestPluginDiscoverer.cs:line 158
System.IO.FileNotFoundException: Could not load file or assembly 'Microsoft.Bcl.AsyncInterfaces, Version=1.0.0.0, Culture=neutral, PublicKeyToken=cc7b13ffcd2ddd51'. The system cannot find the file specified.
File name: 'Microsoft.Bcl.AsyncInterfaces, Version=1.0.0.0, Culture=neutral, PublicKeyToken=cc7b13ffcd2ddd51'
 ---> System.IO.FileNotFoundException: Could not load file or assembly 'Microsoft.Bcl.AsyncInterfaces, Culture=neutral, PublicKeyToken=null'. The system cannot find the file specified.
File name: 'Microsoft.Bcl.AsyncInterfaces, Culture=neutral, PublicKeyToken=null'
   at System.Reflection.RuntimeAssembly.InternalLoad(AssemblyName assemblyName, StackCrawlMark& stackMark, AssemblyLoadContext assemblyLoadContext, RuntimeAssembly requestingAssembly, Boolean throwOnFileNotFound)
   at System.Reflection.Assembly.Load(AssemblyName assemblyRef)
   at Microsoft.VisualStudio.TestPlatform.Common.ExtensionFramework.TestPluginCache.CurrentDomainAssemblyResolve(Object sender, AssemblyResolveEventArgs args) in /_/src/Microsoft.TestPlatform.Common/ExtensionFramework/TestPluginCache.cs:line 513
   at System.Runtime.Loader.AssemblyLoadContext.GetFirstResolvedAssemblyFromResolvingEvent(AssemblyName assemblyName)
   at System.Runtime.Loader.AssemblyLoadContext.ResolveUsingEvent(AssemblyName assemblyName)
   at System.Runtime.Loader.AssemblyLoadContext.ResolveUsingResolvingEvent(IntPtr gchManagedAssemblyLoadContext, AssemblyName assemblyName)
TpTrace Warning: 0 : 3952, 1, 2023/12/05, 16:15:02.283, 125531159937, vstest.console.dll, LoaderExceptions: System.IO.FileNotFoundException: Could not load file or assembly 'Microsoft.Bcl.AsyncInterfaces, Version=1.0.0.0, Culture=neutral, PublicKeyToken=cc7b13ffcd2ddd51'. The system cannot find the file specified.
File name: 'Microsoft.Bcl.AsyncInterfaces, Version=1.0.0.0, Culture=neutral, PublicKeyToken=cc7b13ffcd2ddd51'
 ---> System.IO.FileNotFoundException: Could not load file or assembly 'Microsoft.Bcl.AsyncInterfaces, Culture=neutral, PublicKeyToken=null'. The system cannot find the file specified.
File name: 'Microsoft.Bcl.AsyncInterfaces, Culture=neutral, PublicKeyToken=null'
   at System.Reflection.RuntimeAssembly.InternalLoad(AssemblyName assemblyName, StackCrawlMark& stackMark, AssemblyLoadContext assemblyLoadContext, RuntimeAssembly requestingAssembly, Boolean throwOnFileNotFound)
   at System.Reflection.Assembly.Load(AssemblyName assemblyRef)
   at Microsoft.VisualStudio.TestPlatform.Common.ExtensionFramework.TestPluginCache.CurrentDomainAssemblyResolve(Object sender, AssemblyResolveEventArgs args) in /_/src/Microsoft.TestPlatform.Common/ExtensionFramework/TestPluginCache.cs:line 513
   at System.Runtime.Loader.AssemblyLoadContext.GetFirstResolvedAssemblyFromResolvingEvent(AssemblyName assemblyName)
   at System.Runtime.Loader.AssemblyLoadContext.ResolveUsingEvent(AssemblyName assemblyName)
   at System.Runtime.Loader.AssemblyLoadContext.ResolveUsingResolvingEvent(IntPtr gchManagedAssemblyLoadContext, AssemblyName assemblyName)
TpTrace Verbose: 0 : 3952, 1, 2023/12/05, 16:15:02.283, 125531161397, vstest.console.dll, MetadataReaderExtensionsHelper: Discovering extensions inside assembly 'Microsoft.TestPlatform.Extensions.BlameDataCollector, Version=15.0.0.0, Culture=neutral, PublicKeyToken=b03f5f7f11d50a3a' file path 'C:\Program Files\dotnet\sdk\7.0.402\Extensions\Microsoft.TestPlatform.Extensions.BlameDataCollector.dll'
TpTrace Information: 0 : 3952, 1, 2023/12/05, 16:15:02.283, 125531167478, vstest.console.dll, GetTestExtensionFromType: Register extension with identifier data 'logger://Microsoft/TestPlatform/Extensions/Blame/v1' and type 'Microsoft.TestPlatform.Extensions.BlameDataCollector.BlameLogger, Microsoft.TestPlatform.Extensions.BlameDataCollector, Version=15.0.0.0, Culture=neutral, PublicKeyToken=b03f5f7f11d50a3a' inside file 'C:\Program Files\dotnet\sdk\7.0.402\Extensions\Microsoft.TestPlatform.Extensions.BlameDataCollector.dll'
TpTrace Verbose: 0 : 3952, 1, 2023/12/05, 16:15:02.284, 125531168375, vstest.console.dll, MetadataReaderExtensionsHelper: Discovering extensions inside assembly 'Microsoft.TestPlatform.Extensions.EventLogCollector, Version=15.0.0.0, Culture=neutral, PublicKeyToken=b03f5f7f11d50a3a' file path 'C:\Program Files\dotnet\sdk\7.0.402\Extensions\Microsoft.TestPlatform.Extensions.EventLogCollector.dll'
TpTrace Verbose: 0 : 3952, 1, 2023/12/05, 16:15:02.284, 125531172080, vstest.console.dll, MetadataReaderExtensionsHelper: Discovering extensions inside assembly 'Microsoft.TestPlatform.TestHostRuntimeProvider, Version=15.0.0.0, Culture=neutral, PublicKeyToken=b03f5f7f11d50a3a' file path 'C:\Program Files\dotnet\sdk\7.0.402\Extensions\Microsoft.TestPlatform.TestHostRuntimeProvider.dll'
TpTrace Verbose: 0 : 3952, 1, 2023/12/05, 16:15:02.284, 125531174815, vstest.console.dll, MetadataReaderExtensionsHelper: Discovering extensions inside assembly 'Microsoft.VisualStudio.TestPlatform.Extensions.Html.TestLogger, Version=15.0.0.0, Culture=neutral, PublicKeyToken=b03f5f7f11d50a3a' file path 'C:\Program Files\dotnet\sdk\7.0.402\Extensions\Microsoft.VisualStudio.TestPlatform.Extensions.Html.TestLogger.dll'
TpTrace Information: 0 : 3952, 1, 2023/12/05, 16:15:02.285, 125531180023, vstest.console.dll, GetTestExtensionFromType: Register extension with identifier data 'logger://Microsoft/TestPlatform/HtmlLogger/v1' and type 'Microsoft.VisualStudio.TestPlatform.Extensions.HtmlLogger.HtmlLogger, Microsoft.VisualStudio.TestPlatform.Extensions.Html.TestLogger, Version=15.0.0.0, Culture=neutral, PublicKeyToken=b03f5f7f11d50a3a' inside file 'C:\Program Files\dotnet\sdk\7.0.402\Extensions\Microsoft.VisualStudio.TestPlatform.Extensions.Html.TestLogger.dll'
TpTrace Verbose: 0 : 3952, 1, 2023/12/05, 16:15:02.285, 125531180821, vstest.console.dll, MetadataReaderExtensionsHelper: Discovering extensions inside assembly 'Microsoft.VisualStudio.TestPlatform.Extensions.Trx.TestLogger, Version=15.0.0.0, Culture=neutral, PublicKeyToken=b03f5f7f11d50a3a' file path 'C:\Program Files\dotnet\sdk\7.0.402\Extensions\Microsoft.VisualStudio.TestPlatform.Extensions.Trx.TestLogger.dll'
TpTrace Information: 0 : 3952, 1, 2023/12/05, 16:15:02.285, 125531185106, vstest.console.dll, GetTestExtensionFromType: Register extension with identifier data 'logger://Microsoft/TestPlatform/TrxLogger/v1' and type 'Microsoft.VisualStudio.TestPlatform.Extensions.TrxLogger.TrxLogger, Microsoft.VisualStudio.TestPlatform.Extensions.Trx.TestLogger, Version=15.0.0.0, Culture=neutral, PublicKeyToken=b03f5f7f11d50a3a' inside file 'C:\Program Files\dotnet\sdk\7.0.402\Extensions\Microsoft.VisualStudio.TestPlatform.Extensions.Trx.TestLogger.dll'
TpTrace Verbose: 0 : 3952, 1, 2023/12/05, 16:15:02.285, 125531186169, vstest.console.dll, TestPluginCache: Discovered the extensions using extension path ''.
TpTrace Verbose: 0 : 3952, 1, 2023/12/05, 16:15:02.285, 125531186590, vstest.console.dll, TestPluginCache: Discoverers are ''.
TpTrace Verbose: 0 : 3952, 1, 2023/12/05, 16:15:02.285, 125531186871, vstest.console.dll, TestPluginCache: Executors are ''.
TpTrace Verbose: 0 : 3952, 1, 2023/12/05, 16:15:02.285, 125531187123, vstest.console.dll, TestPluginCache: Executors2 are ''.
TpTrace Verbose: 0 : 3952, 1, 2023/12/05, 16:15:02.286, 125531187523, vstest.console.dll, TestPluginCache: Setting providers are ''.
TpTrace Verbose: 0 : 3952, 1, 2023/12/05, 16:15:02.286, 125531188473, vstest.console.dll, TestPluginCache: Loggers are 'logger://Microsoft/TestPlatform/Extensions/Blame/v1,logger://Microsoft/TestPlatform/HtmlLogger/v1,logger://Microsoft/TestPlatform/TrxLogger/v1'.
TpTrace Verbose: 0 : 3952, 1, 2023/12/05, 16:15:02.286, 125531189093, vstest.console.dll, TestPluginCache: TestHosts are 'HostProvider://DefaultTestHost,HostProvider://DotnetTestHost'.
TpTrace Verbose: 0 : 3952, 1, 2023/12/05, 16:15:02.286, 125531189441, vstest.console.dll, TestPluginCache: DataCollectors are ''.
TpTrace Information: 0 : 3952, 1, 2023/12/05, 16:15:02.287, 125531199718, vstest.console.dll, TestPluginManager.CreateTestExtension: Attempting to load test extension: Microsoft.TestPlatform.Extensions.BlameDataCollector.BlameLogger
TpTrace Verbose: 0 : 3952, 1, 2023/12/05, 16:15:02.294, 125531270862, vstest.console.dll, TestEngine: Initializing Parallel Execution as MaxCpuCount is set to: 1
TpTrace Information: 0 : 3952, 1, 2023/12/05, 16:15:02.296, 125531291652, vstest.console.dll, TestPluginManager.CreateTestExtension: Attempting to load test extension: Microsoft.VisualStudio.TestPlatform.CrossPlatEngine.Hosting.DefaultTestHostManager
TpTrace Information: 0 : 3952, 1, 2023/12/05, 16:15:02.297, 125531299242, vstest.console.dll, TestPluginManager.CreateTestExtension: Attempting to load test extension: Microsoft.VisualStudio.TestPlatform.CrossPlatEngine.Hosting.DotnetTestHostManager
TpTrace Information: 0 : 3952, 1, 2023/12/05, 16:15:02.297, 125531305468, vstest.console.dll, InferRunSettingsHelper.IsTestSettingsEnabled: Unable to navigate to RunSettings/MSTest. Current node: RunSettings
TpTrace Verbose: 0 : 3952, 1, 2023/12/05, 16:15:02.298, 125531310727, vstest.console.dll, ParallelOperationManager.ClearSlots: Clearing all slots. Slots should accept more work: True
TpTrace Verbose: 0 : 3952, 1, 2023/12/05, 16:15:02.299, 125531318128, vstest.console.dll, ParallelOperationManager.SetOccupiedSlotCount: Setting slot counts AvailableSlotCount = 1, OccupiedSlotCount = 0.
TpTrace Verbose: 0 : 3952, 1, 2023/12/05, 16:15:02.299, 125531322866, vstest.console.dll, Occupied slots:

TpTrace Verbose: 0 : 3952, 1, 2023/12/05, 16:15:02.302, 125531353661, vstest.console.dll, TestEngine.GetExecutionManager: Chosen execution manager 'Microsoft.VisualStudio.TestPlatform.CrossPlatEngine.Client.Parallel.ParallelProxyExecutionManager, Microsoft.TestPlatform.CrossPlatEngine, Version=15.0.0.0, Culture=neutral, PublicKeyToken=b03f5f7f11d50a3a' ParallelLevel '1'.
TpTrace Verbose: 0 : 3952, 1, 2023/12/05, 16:15:02.302, 125531354936, vstest.console.dll, TestRunRequest.ExecuteAsync: Creating test run request.
TpTrace Verbose: 0 : 3952, 1, 2023/12/05, 16:15:02.302, 125531357009, vstest.console.dll, TestRunRequest.ExecuteAsync: Starting.
TpTrace Information: 0 : 3952, 1, 2023/12/05, 16:15:02.303, 125531359384, vstest.console.dll, TestRunRequest.ExecuteAsync: Starting run with settings:TestRunCriteria:
   KeepAlive=False,FrequencyOfRunStatsChangeEvent=10,RunStatsChangeEventTimeout=00:00:01.5000000,TestCaseFilter=,TestExecutorLauncher=
   Settingsxml=<RunSettings>
  <RunConfiguration>
    <ResultsDirectory>C:\Users\Korisnik\Desktop\Tajra\PWS\VVS\UnitTests\bin\Debug\net6.0\fine-code-coverage\coverage-tool-output</ResultsDirectory>
    <TargetPlatform>X64</TargetPlatform>
    <TargetFrameworkVersion>.NETCoreApp,Version=v6.0</TargetFrameworkVersion>
    <DesignMode>False</DesignMode>
    <CollectSourceInformation>False</CollectSourceInformation>
  </RunConfiguration>
  <LoggerRunSettings>
    <Loggers>
      <Logger friendlyName="blame" enabled="True" />
      <Logger friendlyName="Console" uri="logger://microsoft/TestPlatform/ConsoleLogger/v1" assemblyQualifiedName="Microsoft.VisualStudio.TestPlatform.CommandLine.Internal.ConsoleLogger, vstest.console, Version=15.0.0.0, Culture=neutral, PublicKeyToken=b03f5f7f11d50a3a" codeBase="C:\Program Files\dotnet\sdk\7.0.402\vstest.console.dll" enabled="True" />
    </Loggers>
  </LoggerRunSettings>
  <DataCollectionRunSettings>
    <DataCollectors>
      <DataCollector friendlyName="blame" enabled="True">
        <Configuration>
          <ResultsDirectory>C:\Users\Korisnik\Desktop\Tajra\PWS\VVS\UnitTests\bin\Debug\net6.0\fine-code-coverage\coverage-tool-output</ResultsDirectory>
        </Configuration>
      </DataCollector>
    </DataCollectors>
  </DataCollectionRunSettings>
</RunSettings>

TpTrace Verbose: 0 : 3952, 1, 2023/12/05, 16:15:02.303, 125531359887, vstest.console.dll, TestRunRequest.ExecuteAsync: Wait for the first run request is over.
TpTrace Verbose: 0 : 3952, 1, 2023/12/05, 16:15:02.303, 125531362479, vstest.console.dll, MulticastDelegateUtilities.SafeInvoke: TestRun.TestRunStart: Invoking callbacks was skipped because there are no subscribers.
TpTrace Verbose: 0 : 3952, 4, 2023/12/05, 16:15:02.303, 125531364594, vstest.console.dll, MulticastDelegateUtilities.SafeInvoke: InternalTestLoggerEvents.SendTestRunStart: Invoking callback 1/1 for Microsoft.VisualStudio.TestPlatform.CommandLine.Internal.ConsoleLogger., took 0 ms.
TpTrace Verbose: 0 : 3952, 1, 2023/12/05, 16:15:02.304, 125531375403, vstest.console.dll, ParallelProxyExecutionManager: Start execution. Total sources: 1
TpTrace Verbose: 0 : 3952, 1, 2023/12/05, 16:15:02.305, 125531379292, vstest.console.dll, ParallelOperationManager.StartWork: Starting adding 1 workloads.
TpTrace Verbose: 0 : 3952, 1, 2023/12/05, 16:15:02.305, 125531380476, vstest.console.dll, ParallelOperationManager.ClearSlots: Clearing all slots. Slots should accept more work: True
TpTrace Verbose: 0 : 3952, 1, 2023/12/05, 16:15:02.305, 125531381274, vstest.console.dll, ParallelOperationManager.SetOccupiedSlotCount: Setting slot counts AvailableSlotCount = 1, OccupiedSlotCount = 0.
TpTrace Verbose: 0 : 3952, 1, 2023/12/05, 16:15:02.305, 125531381722, vstest.console.dll, Occupied slots:

TpTrace Verbose: 0 : 3952, 1, 2023/12/05, 16:15:02.306, 125531396663, vstest.console.dll, TestRequestSender is acting as server.
TpTrace Verbose: 0 : 3952, 1, 2023/12/05, 16:15:02.308, 125531408413, vstest.console.dll, ParallelOperationManager.RunWorkInParallel: Adding 1 workload to slot, remaining workloads 0.
TpTrace Verbose: 0 : 3952, 1, 2023/12/05, 16:15:02.308, 125531409030, vstest.console.dll, ParallelOperationManager.SetOccupiedSlotCount: Setting slot counts AvailableSlotCount = 0, OccupiedSlotCount = 1.
TpTrace Verbose: 0 : 3952, 1, 2023/12/05, 16:15:02.308, 125531410137, vstest.console.dll, Occupied slots:
0: C:\Users\Korisnik\Desktop\Tajra\PWS\VVS\UnitTests\bin\Debug\net6.0\fine-code-coverage\build-output\UnitTests.dll
TpTrace Verbose: 0 : 3952, 1, 2023/12/05, 16:15:02.309, 125531423237, vstest.console.dll, ParallelOperationManager.RunWorkInParallel: Started host in slot number 0 for work (source): C:\Users\Korisnik\Desktop\Tajra\PWS\VVS\UnitTests\bin\Debug\net6.0\fine-code-coverage\build-output\UnitTests.dll.
TpTrace Verbose: 0 : 3952, 1, 2023/12/05, 16:15:02.310, 125531432741, vstest.console.dll, ParallelOperationManager.RunWorkInParallel: We started 1 work items, which is the max parallel level. Won't start more work.
TpTrace Verbose: 0 : 3952, 1, 2023/12/05, 16:15:02.310, 125531433310, vstest.console.dll, ParallelOperationManager.RunWorkInParallel: We started 1 work items in here, returning True.
TpTrace Information: 0 : 3952, 1, 2023/12/05, 16:15:02.310, 125531433664, vstest.console.dll, TestRunRequest.ExecuteAsync: Started.
TpTrace Verbose: 0 : 3952, 5, 2023/12/05, 16:15:02.310, 125531433906, vstest.console.dll, ParallelProxyExecutionManager.StartTestRunOnConcurrentManager: Initializing uninitialized client. Started clients: 0
TpTrace Verbose: 0 : 3952, 1, 2023/12/05, 16:15:02.310, 125531434320, vstest.console.dll, TestRunRequest.WaitForCompletion: Waiting with timeout -1.
TpTrace Verbose: 0 : 3952, 5, 2023/12/05, 16:15:02.310, 125531435458, vstest.console.dll, DataCollectionRequestSender.InitializeCommunication : Initialize communication. 
TpTrace Information: 0 : 3952, 5, 2023/12/05, 16:15:02.314, 125531474915, vstest.console.dll, Listening on Endpoint : 127.0.0.1:51383
TpTrace Verbose: 0 : 3952, 5, 2023/12/05, 16:15:02.321, 125531543738, vstest.console.dll, DotnetDataCollectionLauncher: Adding  --runtimeconfig "C:\Program Files\dotnet\sdk\7.0.402\datacollector.runtimeconfig.json" in args
TpTrace Verbose: 0 : 3952, 5, 2023/12/05, 16:15:02.321, 125531544972, vstest.console.dll, DotnetDataCollectionLauncher: Adding  --depsfile "C:\Program Files\dotnet\sdk\7.0.402\datacollector.deps.json" in args
TpTrace Verbose: 0 : 3952, 5, 2023/12/05, 16:15:02.321, 125531546642, vstest.console.dll, DotnetDataCollectionLauncher: Full path of dotnet.exe is C:\Program Files\dotnet\dotnet.exe
TpTrace Information: 0 : 3952, 5, 2023/12/05, 16:15:02.334, 125531677210, vstest.console.dll, ProxyDataCollectionManager.Initialize: Launched datacollector processId: 15992 port: 51383
TpTrace Information: 0 : 3952, 5, 2023/12/05, 16:15:02.335, 125531679128, vstest.console.dll, ProxyDataCollectionManager.Initialize: waiting for connection with timeout: 90 seconds
TpTrace Verbose: 0 : 3952, 5, 2023/12/05, 16:15:02.335, 125531680125, vstest.console.dll, DataCollectionRequestSender.WaitForRequestHandlerConnection : Waiting for connection with timeout: 90000
TpTrace Verbose: 0 : 3952, 5, 2023/12/05, 16:15:02.505, 125533378907, vstest.console.dll, SocketCommunicationManager.WaitForClientConnection took: 169 ms, with 90000 ms timeout, and finished with True.
TpTrace Information: 0 : 3952, 7, 2023/12/05, 16:15:02.505, 125533378855, vstest.console.dll, Using the buffer size of 16384 bytes
TpTrace Verbose: 0 : 3952, 5, 2023/12/05, 16:15:02.505, 125533380423, vstest.console.dll, ProxyDataCollectionManager.InvokeDataCollectionServiceAction: Starting.
TpTrace Information: 0 : 3952, 7, 2023/12/05, 16:15:02.505, 125533380699, vstest.console.dll, Accepted Client request and set the flag
TpTrace Information: 0 : 3952, 5, 2023/12/05, 16:15:02.505, 125533381264, vstest.console.dll, ProxyDataCollectionManager.BeforeTestRunStart: Get environment variable and port for datacollector processId: 15992 port: 51383
TpTrace Verbose: 0 : 3952, 5, 2023/12/05, 16:15:02.505, 125533382372, vstest.console.dll, DataCollectionRequestSender.SendBeforeTestRunStartAndGetResult: Send BeforeTestRunStart message with settingsXml <RunSettings><RunConfiguration><ResultsDirectory>C:\Users\Korisnik\Desktop\Tajra\PWS\VVS\UnitTests\bin\Debug\net6.0\fine-code-coverage\coverage-tool-output</ResultsDirectory><TargetPlatform>X64</TargetPlatform><TargetFrameworkVersion>.NETCoreApp,Version=v6.0</TargetFrameworkVersion><DesignMode>False</DesignMode><CollectSourceInformation>False</CollectSourceInformation><TestAdaptersPaths>C:\Program Files\dotnet\sdk\7.0.402\Extensions</TestAdaptersPaths></RunConfiguration><LoggerRunSettings><Loggers><Logger friendlyName="blame" enabled="True" /><Logger friendlyName="Console" uri="logger://microsoft/TestPlatform/ConsoleLogger/v1" assemblyQualifiedName="Microsoft.VisualStudio.TestPlatform.CommandLine.Internal.ConsoleLogger, vstest.console, Version=15.0.0.0, Culture=neutral, PublicKeyToken=b03f5f7f11d50a3a" codeBase="C:\Program Files\dotnet\sdk\7.0.402\vstest.console.dll" enabled="True" /></Loggers></LoggerRunSettings><DataCollectionRunSettings><DataCollectors><DataCollector friendlyName="blame" enabled="True"><Configuration><ResultsDirectory>C:\Users\Korisnik\Desktop\Tajra\PWS\VVS\UnitTests\bin\Debug\net6.0\fine-code-coverage\coverage-tool-output</ResultsDirectory></Configuration></DataCollector></DataCollectors></DataCollectionRunSettings></RunSettings> and sources System.Collections.Generic.List`1[System.String]: 
TpTrace Verbose: 0 : 3952, 5, 2023/12/05, 16:15:02.578, 125534108378, vstest.console.dll, DataCollectionRequestSender.SendBeforeTestRunStartAndGetResult: Received message: (DataCollection.SendMessage) -> {"MessageType":"DataCollection.SendMessage","Payload":{"FriendlyName":null,"Uri":null,"TestCaseId":"00000000-0000-0000-0000-000000000000","Message":"Logging DataCollector Diagnostics in file: C:\\Users\\Korisnik\\Desktop\\Tajra\\PWS\\VVS\\UnitTests\\bin\\Debug\\net6.0\\fine-code-coverage\\coverage-tool-output\\diagnostics.datacollector.23-12-05_16-15-02_32138_5.log","Level":0}}
TpTrace Verbose: 0 : 3952, 5, 2023/12/05, 16:15:02.675, 125535087529, vstest.console.dll, DataCollectionRequestSender.SendBeforeTestRunStartAndGetResult: Received message: (DataCollection.BeforeTestRunStartResult) -> {"MessageType":"DataCollection.BeforeTestRunStartResult","Payload":{"EnvironmentVariables":{},"DataCollectionEventsPort":51385}}
TpTrace Information: 0 : 3952, 5, 2023/12/05, 16:15:02.685, 125535184846, vstest.console.dll, ProxyDataCollectionManager.BeforeTestRunStart: SendBeforeTestRunStartAndGetResult successful, env variable from datacollector:   and testhost port: 51385
TpTrace Information: 0 : 3952, 5, 2023/12/05, 16:15:02.685, 125535186550, vstest.console.dll, ProxyDataCollectionManager.InvokeDataCollectionServiceAction: Completed.
TpTrace Verbose: 0 : 3952, 5, 2023/12/05, 16:15:02.685, 125535187348, vstest.console.dll, ParallelProxyExecutionManager.StartTestRunOnConcurrentManager: Initializing test run. Started clients: 0
TpTrace Verbose: 0 : 3952, 5, 2023/12/05, 16:15:02.686, 125535188873, vstest.console.dll, ProxyExecutionManager: Test host is always Lazy initialize.
TpTrace Verbose: 0 : 3952, 5, 2023/12/05, 16:15:02.686, 125535193138, vstest.console.dll, TestRequestSender.InitializeCommunication: initialize communication. 
TpTrace Information: 0 : 3952, 5, 2023/12/05, 16:15:02.687, 125535201171, vstest.console.dll, SocketServer.Start: Listening on endpoint : 127.0.0.1:51386
TpTrace Verbose: 0 : 3952, 5, 2023/12/05, 16:15:02.688, 125535215650, vstest.console.dll, DotnetTestHostmanager.GetTestHostProcessStartInfo: Platform environment 'X64' target architecture 'X64' framework '.NETCoreApp,Version=v6.0' OS 'Windows'
TpTrace Verbose: 0 : 3952, 5, 2023/12/05, 16:15:02.689, 125535219377, vstest.console.dll, DotnetTestHostmanager: Adding  --runtimeconfig "C:\Users\Korisnik\Desktop\Tajra\PWS\VVS\UnitTests\bin\Debug\net6.0\fine-code-coverage\build-output\UnitTests.runtimeconfig.json" in args
TpTrace Verbose: 0 : 3952, 5, 2023/12/05, 16:15:02.689, 125535221241, vstest.console.dll, DotnetTestHostmanager: Adding  --depsfile "C:\Users\Korisnik\Desktop\Tajra\PWS\VVS\UnitTests\bin\Debug\net6.0\fine-code-coverage\build-output\UnitTests.deps.json" in args
TpTrace Verbose: 0 : 3952, 5, 2023/12/05, 16:15:02.689, 125535224189, vstest.console.dll, DotnetTestHostmanager.IsWinOnArm: Current PROCESSOR_ARCHITECTURE from environment variable 'AMD64'
TpTrace Verbose: 0 : 3952, 5, 2023/12/05, 16:15:02.689, 125535225377, vstest.console.dll, DotnetTestHostmanager.IsWinOnArm: Is Windows on ARM 'False'
TpTrace Verbose: 0 : 3952, 5, 2023/12/05, 16:15:02.689, 125535227056, vstest.console.dll, DotnetTestHostManager: testhost.exe found at path: C:\Users\Korisnik\Desktop\Tajra\PWS\VVS\UnitTests\bin\Debug\net6.0\fine-code-coverage\build-output\testhost.exe
TpTrace Verbose: 0 : 3952, 5, 2023/12/05, 16:15:02.690, 125535227959, vstest.console.dll, DotnetTestHostmanager: Full path of host exe is C:\Users\Korisnik\Desktop\Tajra\PWS\VVS\UnitTests\bin\Debug\net6.0\fine-code-coverage\build-output\testhost.exe
TpTrace Verbose: 0 : 3952, 5, 2023/12/05, 16:15:02.690, 125535230161, vstest.console.dll, DotnetTestHostmanager.LaunchTestHostAsync: Found 'VSTEST_WINAPPHOST_DOTNET_ROOT' in env variables, value 'C:\Program Files\dotnet', forwarding to 'DOTNET_ROOT'
TpTrace Verbose: 0 : 3952, 5, 2023/12/05, 16:15:02.690, 125535233126, vstest.console.dll, DotnetTestHostManager: Starting process 'C:\Users\Korisnik\Desktop\Tajra\PWS\VVS\UnitTests\bin\Debug\net6.0\fine-code-coverage\build-output\testhost.exe' with command line ' --runtimeconfig "C:\Users\Korisnik\Desktop\Tajra\PWS\VVS\UnitTests\bin\Debug\net6.0\fine-code-coverage\build-output\UnitTests.runtimeconfig.json" --depsfile "C:\Users\Korisnik\Desktop\Tajra\PWS\VVS\UnitTests\bin\Debug\net6.0\fine-code-coverage\build-output\UnitTests.deps.json" --port 51386 --endpoint 127.0.0.1:051386 --role client --parentprocessid 3952 --diag "C:\Users\Korisnik\Desktop\Tajra\PWS\VVS\UnitTests\bin\Debug\net6.0\fine-code-coverage\coverage-tool-output\diagnostics.host.23-12-05_16-15-02_68803_5.log" --tracelevel 4 --datacollectionport 51385 --telemetryoptedin false'
TpTrace Verbose: 0 : 3952, 5, 2023/12/05, 16:15:02.707, 125535400203, vstest.console.dll, MulticastDelegateUtilities.SafeInvoke: HostProviderEvents.OnHostLaunched: Invoking callback 1/2 for Microsoft.VisualStudio.TestPlatform.CrossPlatEngine.Client.ProxyExecutionManagerWithDataCollection., took 2 ms.
TpTrace Verbose: 0 : 3952, 5, 2023/12/05, 16:15:02.707, 125535404547, vstest.console.dll, Test Runtime launched
TpTrace Verbose: 0 : 3952, 5, 2023/12/05, 16:15:02.707, 125535405919, vstest.console.dll, MulticastDelegateUtilities.SafeInvoke: HostProviderEvents.OnHostLaunched: Invoking callback 2/2 for Microsoft.VisualStudio.TestPlatform.CrossPlatEngine.Client.ProxyOperationManager., took 0 ms.
TpTrace Verbose: 0 : 3952, 5, 2023/12/05, 16:15:02.708, 125535408299, vstest.console.dll, TestRequestSender.WaitForRequestHandlerConnection: waiting for connection with timeout: 90000.
TpTrace Verbose: 0 : 3952, 5, 2023/12/05, 16:15:02.944, 125537771150, vstest.console.dll, TestRequestSender.WaitForRequestHandlerConnection: waiting took 236 ms, with timeout 90000 ms, and result 0, which is success.
TpTrace Verbose: 0 : 3952, 7, 2023/12/05, 16:15:02.944, 125537771167, vstest.console.dll, MulticastDelegateUtilities.SafeInvoke: SocketServer: ClientConnected: Invoking callback 1/1 for Microsoft.VisualStudio.TestPlatform.CommunicationUtilities.TestRequestSender., took 0 ms.
TpTrace Verbose: 0 : 3952, 7, 2023/12/05, 16:15:02.944, 125537773798, vstest.console.dll, SocketServer.OnClientConnected: Client connected for endPoint: 127.0.0.1:51386, starting MessageLoopAsync:
TpTrace Verbose: 0 : 3952, 7, 2023/12/05, 16:15:02.944, 125537776613, vstest.console.dll, TcpClientExtensions.MessageLoopAsync: Polling on remoteEndPoint: 127.0.0.1:51387 localEndPoint: 127.0.0.1:51386
TpTrace Verbose: 0 : 3952, 5, 2023/12/05, 16:15:02.945, 125537781817, vstest.console.dll, TestRequestSender.CheckVersionWithTestHost: Sending check version message: {"MessageType":"ProtocolVersion","Payload":7}
TpTrace Verbose: 0 : 3952, 7, 2023/12/05, 16:15:03.097, 125539304730, vstest.console.dll, TcpClientExtensions.MessageLoopAsync: NotifyDataAvailable remoteEndPoint: 127.0.0.1:51387 localEndPoint: 127.0.0.1:51386
TpTrace Verbose: 0 : 3952, 7, 2023/12/05, 16:15:03.097, 125539306976, vstest.console.dll, TestRequestSender.CheckVersionWithTestHost: onMessageReceived received message: (ProtocolVersion) -> {"MessageType":"ProtocolVersion","Payload":7}
TpTrace Verbose: 0 : 3952, 7, 2023/12/05, 16:15:03.098, 125539313306, vstest.console.dll, MulticastDelegateUtilities.SafeInvoke: LengthPrefixCommunicationChannel: MessageReceived: Invoking callback 1/1 for Microsoft.VisualStudio.TestPlatform.CommunicationUtilities.TestRequestSender+<>c__DisplayClass29_0., took 0 ms.
TpTrace Verbose: 0 : 3952, 5, 2023/12/05, 16:15:03.098, 125539314295, vstest.console.dll, TestPluginCache.GetExtensionPaths: Filtered extension paths: 
TpTrace Verbose: 0 : 3952, 7, 2023/12/05, 16:15:03.098, 125539314360, vstest.console.dll, TcpClientExtensions.MessageLoopAsync: Polling on remoteEndPoint: 127.0.0.1:51387 localEndPoint: 127.0.0.1:51386
TpTrace Verbose: 0 : 3952, 5, 2023/12/05, 16:15:03.098, 125539315317, vstest.console.dll, TestPluginCache.GetExtensionPaths: Added default extension paths: C:\Program Files\dotnet\sdk\7.0.402\Extensions\Microsoft.Diagnostics.NETCore.Client.dll
C:\Program Files\dotnet\sdk\7.0.402\Extensions\Microsoft.TestPlatform.Extensions.BlameDataCollector.dll
C:\Program Files\dotnet\sdk\7.0.402\Extensions\Microsoft.TestPlatform.Extensions.EventLogCollector.dll
C:\Program Files\dotnet\sdk\7.0.402\Extensions\Microsoft.TestPlatform.TestHostRuntimeProvider.dll
C:\Program Files\dotnet\sdk\7.0.402\Extensions\Microsoft.VisualStudio.TestPlatform.Extensions.Html.TestLogger.dll
C:\Program Files\dotnet\sdk\7.0.402\Extensions\Microsoft.VisualStudio.TestPlatform.Extensions.Trx.TestLogger.dll
TpTrace Verbose: 0 : 3952, 5, 2023/12/05, 16:15:03.098, 125539317099, vstest.console.dll, TestPluginCache.GetExtensionPaths: Added unfilterableExtensionPaths: 
TpTrace Verbose: 0 : 3952, 5, 2023/12/05, 16:15:03.102, 125539347798, vstest.console.dll, TestRequestSender.InitializeExecution: Sending initialize execution with message: {"Version":7,"MessageType":"TestExecution.Initialize","Payload":["C:\\Users\\Korisnik\\Desktop\\Tajra\\PWS\\VVS\\UnitTests\\bin\\Debug\\net6.0\\fine-code-coverage\\build-output\\Microsoft.VisualStudio.TestPlatform.MSTest.TestAdapter.dll"]}
TpTrace Verbose: 0 : 3952, 5, 2023/12/05, 16:15:03.102, 125539350160, vstest.console.dll, ParallelProxyExecutionManager.StartTestRunOnConcurrentManager: Execution starting. Started clients: 1
TpTrace Verbose: 0 : 3952, 5, 2023/12/05, 16:15:03.102, 125539353001, vstest.console.dll, TestRunRequest:SendTestRunMessage: Starting.
TpTrace Verbose: 0 : 3952, 5, 2023/12/05, 16:15:03.102, 125539354440, vstest.console.dll, MulticastDelegateUtilities.SafeInvoke: TestRun.LogMessages: Invoking callback 1/1 for Microsoft.VisualStudio.TestPlatform.CommandLine.TestRunResultAggregator., took 0 ms.
TpTrace Information: 0 : 3952, 5, 2023/12/05, 16:15:03.102, 125539354812, vstest.console.dll, TestRunRequest:SendTestRunMessage: Completed.
TpTrace Verbose: 0 : 3952, 4, 2023/12/05, 16:15:03.102, 125539356806, vstest.console.dll, MulticastDelegateUtilities.SafeInvoke: InternalTestLoggerEvents.SendTestRunMessage: Invoking callback 1/1 for Microsoft.VisualStudio.TestPlatform.CommandLine.Internal.ConsoleLogger., took 0 ms.
TpTrace Warning: 0 : 3952, 5, 2023/12/05, 16:15:03.103, 125539358695, vstest.console.dll, InferRunSettingsHelper.MakeRunsettingsCompatible: Removing the following settings: TargetPlatform from RunSettings file. To use those settings please move to latest version of Microsoft.NET.Test.Sdk
TpTrace Verbose: 0 : 3952, 7, 2023/12/05, 16:15:03.103, 125539365355, vstest.console.dll, TcpClientExtensions.MessageLoopAsync: NotifyDataAvailable remoteEndPoint: 127.0.0.1:51387 localEndPoint: 127.0.0.1:51386
TpTrace Verbose: 0 : 3952, 7, 2023/12/05, 16:15:03.104, 125539368595, vstest.console.dll, TestRequestSender.OnExecutionMessageReceived: Received message: {"Version":7,"MessageType":"TestSession.Message","Payload":{"MessageLevel":0,"Message":"Logging TestHost Diagnostics in file: C:\\Users\\Korisnik\\Desktop\\Tajra\\PWS\\VVS\\UnitTests\\bin\\Debug\\net6.0\\fine-code-coverage\\coverage-tool-output\\diagnostics.host.23-12-05_16-15-02_68803_5.log"}}
TpTrace Verbose: 0 : 3952, 7, 2023/12/05, 16:15:03.106, 125539393855, vstest.console.dll, TestRunRequest:SendTestRunMessage: Starting.
TpTrace Verbose: 0 : 3952, 7, 2023/12/05, 16:15:03.106, 125539395533, vstest.console.dll, MulticastDelegateUtilities.SafeInvoke: TestRun.LogMessages: Invoking callback 1/1 for Microsoft.VisualStudio.TestPlatform.CommandLine.TestRunResultAggregator., took 0 ms.
TpTrace Information: 0 : 3952, 7, 2023/12/05, 16:15:03.106, 125539395941, vstest.console.dll, TestRunRequest:SendTestRunMessage: Completed.
TpTrace Verbose: 0 : 3952, 4, 2023/12/05, 16:15:03.106, 125539395899, vstest.console.dll, MulticastDelegateUtilities.SafeInvoke: InternalTestLoggerEvents.SendTestRunMessage: Invoking callback 1/1 for Microsoft.VisualStudio.TestPlatform.CommandLine.Internal.ConsoleLogger., took 0 ms.
TpTrace Verbose: 0 : 3952, 7, 2023/12/05, 16:15:03.106, 125539396371, vstest.console.dll, MulticastDelegateUtilities.SafeInvoke: LengthPrefixCommunicationChannel: MessageReceived: Invoking callback 1/1 for Microsoft.VisualStudio.TestPlatform.CommunicationUtilities.TestRequestSender+<>c__DisplayClass34_0., took 2 ms.
TpTrace Verbose: 0 : 3952, 7, 2023/12/05, 16:15:03.106, 125539397328, vstest.console.dll, TcpClientExtensions.MessageLoopAsync: Polling on remoteEndPoint: 127.0.0.1:51387 localEndPoint: 127.0.0.1:51386
TpTrace Verbose: 0 : 3952, 5, 2023/12/05, 16:15:03.110, 125539433534, vstest.console.dll, TestRequestSender.StartTestRun: Sending test run with message: {"Version":7,"MessageType":"TestExecution.StartWithSources","Payload":{"AdapterSourceMap":{"_none_":["C:\\Users\\Korisnik\\Desktop\\Tajra\\PWS\\VVS\\UnitTests\\bin\\Debug\\net6.0\\fine-code-coverage\\build-output\\UnitTests.dll"]},"RunSettings":"<RunSettings>\r\n  <RunConfiguration>\r\n    <ResultsDirectory>C:\\Users\\Korisnik\\Desktop\\Tajra\\PWS\\VVS\\UnitTests\\bin\\Debug\\net6.0\\fine-code-coverage\\coverage-tool-output</ResultsDirectory>\r\n    <TargetFrameworkVersion>.NETCoreApp,Version=v6.0</TargetFrameworkVersion>\r\n    <DesignMode>False</DesignMode>\r\n    <CollectSourceInformation>False</CollectSourceInformation>\r\n  </RunConfiguration>\r\n  <LoggerRunSettings>\r\n    <Loggers>\r\n      <Logger friendlyName=\"blame\" enabled=\"True\" />\r\n      <Logger friendlyName=\"Console\" uri=\"logger://microsoft/TestPlatform/ConsoleLogger/v1\" assemblyQualifiedName=\"Microsoft.VisualStudio.TestPlatform.CommandLine.Internal.ConsoleLogger, vstest.console, Version=15.0.0.0, Culture=neutral, PublicKeyToken=b03f5f7f11d50a3a\" codeBase=\"C:\\Program Files\\dotnet\\sdk\\7.0.402\\vstest.console.dll\" enabled=\"True\" />\r\n    </Loggers>\r\n  </LoggerRunSettings>\r\n  <DataCollectionRunSettings>\r\n    <DataCollectors>\r\n      <DataCollector friendlyName=\"blame\" enabled=\"True\">\r\n        <Configuration>\r\n          <ResultsDirectory>C:\\Users\\Korisnik\\Desktop\\Tajra\\PWS\\VVS\\UnitTests\\bin\\Debug\\net6.0\\fine-code-coverage\\coverage-tool-output</ResultsDirectory>\r\n        </Configuration>\r\n      </DataCollector>\r\n    </DataCollectors>\r\n  </DataCollectionRunSettings>\r\n</RunSettings>","TestExecutionContext":{"FrequencyOfRunStatsChangeEvent":10,"RunStatsChangeEventTimeout":"00:00:01.5000000","InIsolation":false,"KeepAlive":false,"AreTestCaseLevelEventsRequired":false,"IsDebug":false,"TestCaseFilter":null,"FilterOptions":null},"Package":null}}
TpTrace Verbose: 0 : 3952, 5, 2023/12/05, 16:15:03.110, 125539434983, vstest.console.dll, ParallelProxyExecutionManager.StartTestRunOnConcurrentManager: Execution started. Started clients: 1
TpTrace Verbose: 0 : 3952, 7, 2023/12/05, 16:15:04.113, 125549459618, vstest.console.dll, TcpClientExtensions.MessageLoopAsync: Polling on remoteEndPoint: 127.0.0.1:51387 localEndPoint: 127.0.0.1:51386
TpTrace Verbose: 0 : 3952, 7, 2023/12/05, 16:15:04.527, 125553598864, vstest.console.dll, TcpClientExtensions.MessageLoopAsync: NotifyDataAvailable remoteEndPoint: 127.0.0.1:51387 localEndPoint: 127.0.0.1:51386
TpTrace Verbose: 0 : 3952, 7, 2023/12/05, 16:15:04.527, 125553602028, vstest.console.dll, TestRequestSender.OnExecutionMessageReceived: Received message: {"Version":7,"MessageType":"TestExecution.StatsChange","Payload":{"NewTestResults":[{"TestCase":{"Id":"cbf87490-d024-4f50-cbd6-4a5b0bf6c4ce","FullyQualifiedName":"UnitTestTajra.UnitTest1.NumberOfDrinks_ReturnsCorrectCount","DisplayName":"NumberOfDrinks_ReturnsCorrectCount","ExecutorUri":"executor://MSTestAdapter/v2","Source":"C:\\Users\\Korisnik\\Desktop\\Tajra\\PWS\\VVS\\UnitTests\\bin\\Debug\\net6.0\\fine-code-coverage\\build-output\\UnitTests.dll","CodeFilePath":null,"LineNumber":-1,"Properties":[{"Key":{"Id":"TestCase.ManagedType","Label":"ManagedType","Category":"","Description":"","Attributes":1,"ValueType":"System.String"},"Value":"UnitTestTajra.UnitTest1"},{"Key":{"Id":"TestCase.ManagedMethod","Label":"ManagedMethod","Category":"","Description":"","Attributes":1,"ValueType":"System.String"},"Value":"NumberOfDrinks_ReturnsCorrectCount"},{"Key":{"Id":"MSTestDiscoverer.TestClassName","Label":"ClassName","Category":"","Description":"","Attributes":1,"ValueType":"System.String"},"Value":"UnitTestTajra.UnitTest1"},{"Key":{"Id":"TestCase.Hierarchy","Label":"Hierarchy","Category":"","Description":"","Attributes":2,"ValueType":"System.String[]"},"Value":["UnitTestTajra","UnitTest1"]},{"Key":{"Id":"TestObject.Traits","Label":"Traits","Category":"","Description":"","Attributes":5,"ValueType":"System.Collections.Generic.KeyValuePair`2[[System.String],[System.String]][]"},"Value":[]}]},"Attachments":[],"Outcome":1,"ErrorMessage":null,"ErrorStackTrace":null,"DisplayName":"NumberOfDrinks_ReturnsCorrectCount","Messages":[],"ComputerName":null,"Duration":"00:00:00.5004282","StartTime":"2023-12-05T16:15:03.7597778+01:00","EndTime":"2023-12-05T16:15:04.2766318+01:00","Properties":[{"Key":{"Id":"ExecutionId","Label":"ExecutionId","Category":"","Description":"","Attributes":1,"ValueType":"System.Guid"},"Value":"00000000-0000-0000-0000-000000000000"},{"Key":{"Id":"ParentExecId","Label":"ParentExecId","Category":"","Description":"","Attributes":1,"ValueType":"System.Guid"},"Value":"00000000-0000-0000-0000-000000000000"},{"Key":{"Id":"InnerResultsCount","Label":"InnerResultsCount","Category":"","Description":"","Attributes":1,"ValueType":"System.Int32"},"Value":0}]},{"TestCase":{"Id":"1c30a6b3-9261-2e43-de81-50b839175c15","FullyQualifiedName":"UnitTestTajra.UnitTest1.CheapestDrink_ReturnsCheapestDrink","DisplayName":"CheapestDrink_ReturnsCheapestDrink","ExecutorUri":"executor://MSTestAdapter/v2","Source":"C:\\Users\\Korisnik\\Desktop\\Tajra\\PWS\\VVS\\UnitTests\\bin\\Debug\\net6.0\\fine-code-coverage\\build-output\\UnitTests.dll","CodeFilePath":null,"LineNumber":-1,"Properties":[{"Key":{"Id":"TestCase.ManagedType","Label":"ManagedType","Category":"","Description":"","Attributes":1,"ValueType":"System.String"},"Value":"UnitTestTajra.UnitTest1"},{"Key":{"Id":"TestCase.ManagedMethod","Label":"ManagedMethod","Category":"","Description":"","Attributes":1,"ValueType":"System.String"},"Value":"CheapestDrink_ReturnsCheapestDrink"},{"Key":{"Id":"MSTestDiscoverer.TestClassName","Label":"ClassName","Category":"","Description":"","Attributes":1,"ValueType":"System.String"},"Value":"UnitTestTajra.UnitTest1"},{"Key":{"Id":"TestCase.Hierarchy","Label":"Hierarchy","Category":"","Description":"","Attributes":2,"ValueType":"System.String[]"},"Value":["UnitTestTajra","UnitTest1"]},{"Key":{"Id":"TestObject.Traits","Label":"Traits","Category":"","Description":"","Attributes":5,"ValueType":"System.Collections.Generic.KeyValuePair`2[[System.String],[System.String]][]"},"Value":[]}]},"Attachments":[],"Outcome":1,"ErrorMessage":null,"ErrorStackTrace":null,"DisplayName":"CheapestDrink_ReturnsCheapestDrink","Messages":[],"ComputerName":null,"Duration":"00:00:00.1404496","StartTime":"2023-12-05T16:15:04.3060023+01:00","EndTime":"2023-12-05T16:15:04.4470222+01:00","Properties":[{"Key":{"Id":"ExecutionId","Label":"ExecutionId","Category":"","Description":"","Attributes":1,"ValueType":"System.Guid"},"Value":"00000000-0000-0000-0000-000000000000"},{"Key":{"Id":"ParentExecId","Label":"ParentExecId","Category":"","Description":"","Attributes":1,"ValueType":"System.Guid"},"Value":"00000000-0000-0000-0000-000000000000"},{"Key":{"Id":"InnerResultsCount","Label":"InnerResultsCount","Category":"","Description":"","Attributes":1,"ValueType":"System.Int32"},"Value":0}]},{"TestCase":{"Id":"0f36e878-0011-6e7f-67a2-41cf7afda5b9","FullyQualifiedName":"UnitTests.UnitTest1.BubbleSort_AlreadyOrdered_ReturnsSameList","DisplayName":"BubbleSort_AlreadyOrdered_ReturnsSameList","ExecutorUri":"executor://MSTestAdapter/v2","Source":"C:\\Users\\Korisnik\\Desktop\\Tajra\\PWS\\VVS\\UnitTests\\bin\\Debug\\net6.0\\fine-code-coverage\\build-output\\UnitTests.dll","CodeFilePath":null,"LineNumber":-1,"Properties":[{"Key":{"Id":"TestCase.ManagedType","Label":"ManagedType","Category":"","Description":"","Attributes":1,"ValueType":"System.String"},"Value":"UnitTests.UnitTest1"},{"Key":{"Id":"TestCase.ManagedMethod","Label":"ManagedMethod","Category":"","Description":"","Attributes":1,"ValueType":"System.String"},"Value":"BubbleSort_AlreadyOrdered_ReturnsSameList"},{"Key":{"Id":"MSTestDiscoverer.TestClassName","Label":"ClassName","Category":"","Description":"","Attributes":1,"ValueType":"System.String"},"Value":"UnitTests.UnitTest1"},{"Key":{"Id":"TestCase.Hierarchy","Label":"Hierarchy","Category":"","Description":"","Attributes":2,"ValueType":"System.String[]"},"Value":["UnitTests","UnitTest1"]},{"Key":{"Id":"TestObject.Traits","Label":"Traits","Category":"","Description":"","Attributes":5,"ValueType":"System.Collections.Generic.KeyValuePair`2[[System.String],[System.String]][]"},"Value":[]}]},"Attachments":[],"Outcome":1,"ErrorMessage":null,"ErrorStackTrace":null,"DisplayName":"BubbleSort_AlreadyOrdered_ReturnsSameList","Messages":[],"ComputerName":null,"Duration":"00:00:00.0013978","StartTime":"2023-12-05T16:15:04.454456+01:00","EndTime":"2023-12-05T16:15:04.4562664+01:00","Properties":[{"Key":{"Id":"ExecutionId","Label":"ExecutionId","Category":"","Description":"","Attributes":1,"ValueType":"System.Guid"},"Value":"00000000-0000-0000-0000-000000000000"},{"Key":{"Id":"ParentExecId","Label":"ParentExecId","Category":"","Description":"","Attributes":1,"ValueType":"System.Guid"},"Value":"00000000-0000-0000-0000-000000000000"},{"Key":{"Id":"InnerResultsCount","Label":"InnerResultsCount","Category":"","Description":"","Attributes":1,"ValueType":"System.Int32"},"Value":0}]},{"TestCase":{"Id":"9b83eea0-5717-b4b2-3c28-ca0c7bb95d2e","FullyQualifiedName":"UnitTests.UnitTest1.BubbleSort_InverseOrder_ReturnsOrderedList","DisplayName":"BubbleSort_InverseOrder_ReturnsOrderedList","ExecutorUri":"executor://MSTestAdapter/v2","Source":"C:\\Users\\Korisnik\\Desktop\\Tajra\\PWS\\VVS\\UnitTests\\bin\\Debug\\net6.0\\fine-code-coverage\\build-output\\UnitTests.dll","CodeFilePath":null,"LineNumber":-1,"Properties":[{"Key":{"Id":"TestCase.ManagedType","Label":"ManagedType","Category":"","Description":"","Attributes":1,"ValueType":"System.String"},"Value":"UnitTests.UnitTest1"},{"Key":{"Id":"TestCase.ManagedMethod","Label":"ManagedMethod","Category":"","Description":"","Attributes":1,"ValueType":"System.String"},"Value":"BubbleSort_InverseOrder_ReturnsOrderedList"},{"Key":{"Id":"MSTestDiscoverer.TestClassName","Label":"ClassName","Category":"","Description":"","Attributes":1,"ValueType":"System.String"},"Value":"UnitTests.UnitTest1"},{"Key":{"Id":"TestCase.Hierarchy","Label":"Hierarchy","Category":"","Description":"","Attributes":2,"ValueType":"System.String[]"},"Value":["UnitTests","UnitTest1"]},{"Key":{"Id":"TestObject.Traits","Label":"Traits","Category":"","Description":"","Attributes":5,"ValueType":"System.Collections.Generic.KeyValuePair`2[[System.String],[System.String]][]"},"Value":[]}]},"Attachments":[],"Outcome":1,"ErrorMessage":null,"ErrorStackTrace":null,"DisplayName":"BubbleSort_InverseOrder_ReturnsOrderedList","Messages":[],"ComputerName":null,"Duration":"00:00:00.0008590","StartTime":"2023-12-05T16:15:04.4593397+01:00","EndTime":"2023-12-05T16:15:04.4605039+01:00","Properties":[{"Key":{"Id":"ExecutionId","Label":"ExecutionId","Category":"","Description":"","Attributes":1,"ValueType":"System.Guid"},"Value":"00000000-0000-0000-0000-000000000000"},{"Key":{"Id":"ParentExecId","Label":"ParentExecId","Category":"","Description":"","Attributes":1,"ValueType":"System.Guid"},"Value":"00000000-0000-0000-0000-000000000000"},{"Key":{"Id":"InnerResultsCount","Label":"InnerResultsCount","Category":"","Description":"","Attributes":1,"ValueType":"System.Int32"},"Value":0}]},{"TestCase":{"Id":"5f770577-0a69-3f2f-96d8-7fc728252698","FullyQualifiedName":"UnitTests.UnitTest1.BubbleSort_RandomOrder_ReturnsOrderedList","DisplayName":"BubbleSort_RandomOrder_ReturnsOrderedList","ExecutorUri":"executor://MSTestAdapter/v2","Source":"C:\\Users\\Korisnik\\Desktop\\Tajra\\PWS\\VVS\\UnitTests\\bin\\Debug\\net6.0\\fine-code-coverage\\build-output\\UnitTests.dll","CodeFilePath":null,"LineNumber":-1,"Properties":[{"Key":{"Id":"TestCase.ManagedType","Label":"ManagedType","Category":"","Description":"","Attributes":1,"ValueType":"System.String"},"Value":"UnitTests.UnitTest1"},{"Key":{"Id":"TestCase.ManagedMethod","Label":"ManagedMethod","Category":"","Description":"","Attributes":1,"ValueType":"System.String"},"Value":"BubbleSort_RandomOrder_ReturnsOrderedList"},{"Key":{"Id":"MSTestDiscoverer.TestClassName","Label":"ClassName","Category":"","Description":"","Attributes":1,"ValueType":"System.String"},"Value":"UnitTests.UnitTest1"},{"Key":{"Id":"TestCase.Hierarchy","Label":"Hierarchy","Category":"","Description":"","Attributes":2,"ValueType":"System.String[]"},"Value":["UnitTests","UnitTest1"]},{"Key":{"Id":"TestObject.Traits","Label":"Traits","Category":"","Description":"","Attributes":5,"ValueType":"System.Collections.Generic.KeyValuePair`2[[System.String],[System.String]][]"},"Value":[]}]},"Attachments":[],"Outcome":1,"ErrorMessage":null,"ErrorStackTrace":null,"DisplayName":"BubbleSort_RandomOrder_ReturnsOrderedList","Messages":[],"ComputerName":null,"Duration":"00:00:00.0004100","StartTime":"2023-12-05T16:15:04.4637472+01:00","EndTime":"2023-12-05T16:15:04.4644333+01:00","Properties":[{"Key":{"Id":"ExecutionId","Label":"ExecutionId","Category":"","Description":"","Attributes":1,"ValueType":"System.Guid"},"Value":"00000000-0000-0000-0000-000000000000"},{"Key":{"Id":"ParentExecId","Label":"ParentExecId","Category":"","Description":"","Attributes":1,"ValueType":"System.Guid"},"Value":"00000000-0000-0000-0000-000000000000"},{"Key":{"Id":"InnerResultsCount","Label":"InnerResultsCount","Category":"","Description":"","Attributes":1,"ValueType":"System.Int32"},"Value":0}]},{"TestCase":{"Id":"f4220571-2451-4905-99d4-ef5c9a416217","FullyQualifiedName":"UnitTests.UnitTest1.BubbleSort_DrinkWithNegativePrice_ThrowsArgumentException","DisplayName":"BubbleSort_DrinkWithNegativePrice_ThrowsArgumentException","ExecutorUri":"executor://MSTestAdapter/v2","Source":"C:\\Users\\Korisnik\\Desktop\\Tajra\\PWS\\VVS\\UnitTests\\bin\\Debug\\net6.0\\fine-code-coverage\\build-output\\UnitTests.dll","CodeFilePath":null,"LineNumber":-1,"Properties":[{"Key":{"Id":"TestCase.ManagedType","Label":"ManagedType","Category":"","Description":"","Attributes":1,"ValueType":"System.String"},"Value":"UnitTests.UnitTest1"},{"Key":{"Id":"TestCase.ManagedMethod","Label":"ManagedMethod","Category":"","Description":"","Attributes":1,"ValueType":"System.String"},"Value":"BubbleSort_DrinkWithNegativePrice_ThrowsArgumentException"},{"Key":{"Id":"MSTestDiscoverer.TestClassName","Label":"ClassName","Category":"","Description":"","Attributes":1,"ValueType":"System.String"},"Value":"UnitTests.UnitTest1"},{"Key":{"Id":"TestCase.Hierarchy","Label":"Hierarchy","Category":"","Description":"","Attributes":2,"ValueType":"System.String[]"},"Value":["UnitTests","UnitTest1"]},{"Key":{"Id":"TestObject.Traits","Label":"Traits","Category":"","Description":"","Attributes":5,"ValueType":"System.Collections.Generic.KeyValuePair`2[[System.String],[System.String]][]"},"Value":[]}]},"Attachments":[],"Outcome":1,"ErrorMessage":null,"ErrorStackTrace":null,"DisplayName":"BubbleSort_DrinkWithNegativePrice_ThrowsArgumentException","Messages":[],"ComputerName":null,"Duration":"00:00:00.0020665","StartTime":"2023-12-05T16:15:04.4672804+01:00","EndTime":"2023-12-05T16:15:04.4696953+01:00","Properties":[{"Key":{"Id":"ExecutionId","Label":"ExecutionId","Category":"","Description":"","Attributes":1,"ValueType":"System.Guid"},"Value":"00000000-0000-0000-0000-000000000000"},{"Key":{"Id":"ParentExecId","Label":"ParentExecId","Category":"","Description":"","Attributes":1,"ValueType":"System.Guid"},"Value":"00000000-0000-0000-0000-000000000000"},{"Key":{"Id":"InnerResultsCount","Label":"InnerResultsCount","Category":"","Description":"","Attributes":1,"ValueType":"System.Int32"},"Value":0}]},{"TestCase":{"Id":"54add5c7-8e00-95c0-e519-92175ad7781e","FullyQualifiedName":"UnitTests.UnitTest1.MostExpensiveDrink_RandomOrder_ReturnsMostExpensiveDrink","DisplayName":"MostExpensiveDrink_RandomOrder_ReturnsMostExpensiveDrink","ExecutorUri":"executor://MSTestAdapter/v2","Source":"C:\\Users\\Korisnik\\Desktop\\Tajra\\PWS\\VVS\\UnitTests\\bin\\Debug\\net6.0\\fine-code-coverage\\build-output\\UnitTests.dll","CodeFilePath":null,"LineNumber":-1,"Properties":[{"Key":{"Id":"TestCase.ManagedType","Label":"ManagedType","Category":"","Description":"","Attributes":1,"ValueType":"System.String"},"Value":"UnitTests.UnitTest1"},{"Key":{"Id":"TestCase.ManagedMethod","Label":"ManagedMethod","Category":"","Description":"","Attributes":1,"ValueType":"System.String"},"Value":"MostExpensiveDrink_RandomOrder_ReturnsMostExpensiveDrink"},{"Key":{"Id":"MSTestDiscoverer.TestClassName","Label":"ClassName","Category":"","Description":"","Attributes":1,"ValueType":"System.String"},"Value":"UnitTests.UnitTest1"},{"Key":{"Id":"TestCase.Hierarchy","Label":"Hierarchy","Category":"","Description":"","Attributes":2,"ValueType":"System.String[]"},"Value":["UnitTests","UnitTest1"]},{"Key":{"Id":"TestObject.Traits","Label":"Traits","Category":"","Description":"","Attributes":5,"ValueType":"System.Collections.Generic.KeyValuePair`2[[System.String],[System.String]][]"},"Value":[]}]},"Attachments":[],"Outcome":1,"ErrorMessage":null,"ErrorStackTrace":null,"DisplayName":"MostExpensiveDrink_RandomOrder_ReturnsMostExpensiveDrink","Messages":[],"ComputerName":null,"Duration":"00:00:00.0006662","StartTime":"2023-12-05T16:15:04.4724561+01:00","EndTime":"2023-12-05T16:15:04.4734182+01:00","Properties":[{"Key":{"Id":"ExecutionId","Label":"ExecutionId","Category":"","Description":"","Attributes":1,"ValueType":"System.Guid"},"Value":"00000000-0000-0000-0000-000000000000"},{"Key":{"Id":"ParentExecId","Label":"ParentExecId","Category":"","Description":"","Attributes":1,"ValueType":"System.Guid"},"Value":"00000000-0000-0000-0000-000000000000"},{"Key":{"Id":"InnerResultsCount","Label":"InnerResultsCount","Category":"","Description":"","Attributes":1,"ValueType":"System.Int32"},"Value":0}]},{"TestCase":{"Id":"6d7f8b84-c222-f587-7b51-88f23788b82f","FullyQualifiedName":"UnitTests.UnitTest1.MostExpensiveDrink_DrinkWithNegativePrice_ThrowsArgumentException","DisplayName":"MostExpensiveDrink_DrinkWithNegativePrice_ThrowsArgumentException","ExecutorUri":"executor://MSTestAdapter/v2","Source":"C:\\Users\\Korisnik\\Desktop\\Tajra\\PWS\\VVS\\UnitTests\\bin\\Debug\\net6.0\\fine-code-coverage\\build-output\\UnitTests.dll","CodeFilePath":null,"LineNumber":-1,"Properties":[{"Key":{"Id":"TestCase.ManagedType","Label":"ManagedType","Category":"","Description":"","Attributes":1,"ValueType":"System.String"},"Value":"UnitTests.UnitTest1"},{"Key":{"Id":"TestCase.ManagedMethod","Label":"ManagedMethod","Category":"","Description":"","Attributes":1,"ValueType":"System.String"},"Value":"MostExpensiveDrink_DrinkWithNegativePrice_ThrowsArgumentException"},{"Key":{"Id":"MSTestDiscoverer.TestClassName","Label":"ClassName","Category":"","Description":"","Attributes":1,"ValueType":"System.String"},"Value":"UnitTests.UnitTest1"},{"Key":{"Id":"TestCase.Hierarchy","Label":"Hierarchy","Category":"","Description":"","Attributes":2,"ValueType":"System.String[]"},"Value":["UnitTests","UnitTest1"]},{"Key":{"Id":"TestObject.Traits","Label":"Traits","Category":"","Description":"","Attributes":5,"ValueType":"System.Collections.Generic.KeyValuePair`2[[System.String],[System.String]][]"},"Value":[]}]},"Attachments":[],"Outcome":1,"ErrorMessage":null,"ErrorStackTrace":null,"DisplayName":"MostExpensiveDrink_DrinkWithNegativePrice_ThrowsArgumentException","Messages":[],"ComputerName":null,"Duration":"00:00:00.0006965","StartTime":"2023-12-05T16:15:04.4761616+01:00","EndTime":"2023-12-05T16:15:04.477222+01:00","Properties":[{"Key":{"Id":"ExecutionId","Label":"ExecutionId","Category":"","Description":"","Attributes":1,"ValueType":"System.Guid"},"Value":"00000000-0000-0000-0000-000000000000"},{"Key":{"Id":"ParentExecId","Label":"ParentExecId","Category":"","Description":"","Attributes":1,"ValueType":"System.Guid"},"Value":"00000000-0000-0000-0000-000000000000"},{"Key":{"Id":"InnerResultsCount","Label":"InnerResultsCount","Category":"","Description":"","Attributes":1,"ValueType":"System.Int32"},"Value":0}]},{"TestCase":{"Id":"a186a91c-aa40-0ad8-73ed-65181d7f2abc","FullyQualifiedName":"UnitTests.UnitTest1.PriceWithPDV_RandomOrder_ReturnsPricesWithPDV","DisplayName":"PriceWithPDV_RandomOrder_ReturnsPricesWithPDV","ExecutorUri":"executor://MSTestAdapter/v2","Source":"C:\\Users\\Korisnik\\Desktop\\Tajra\\PWS\\VVS\\UnitTests\\bin\\Debug\\net6.0\\fine-code-coverage\\build-output\\UnitTests.dll","CodeFilePath":null,"LineNumber":-1,"Properties":[{"Key":{"Id":"TestCase.ManagedType","Label":"ManagedType","Category":"","Description":"","Attributes":1,"ValueType":"System.String"},"Value":"UnitTests.UnitTest1"},{"Key":{"Id":"TestCase.ManagedMethod","Label":"ManagedMethod","Category":"","Description":"","Attributes":1,"ValueType":"System.String"},"Value":"PriceWithPDV_RandomOrder_ReturnsPricesWithPDV"},{"Key":{"Id":"MSTestDiscoverer.TestClassName","Label":"ClassName","Category":"","Description":"","Attributes":1,"ValueType":"System.String"},"Value":"UnitTests.UnitTest1"},{"Key":{"Id":"TestCase.Hierarchy","Label":"Hierarchy","Category":"","Description":"","Attributes":2,"ValueType":"System.String[]"},"Value":["UnitTests","UnitTest1"]},{"Key":{"Id":"TestObject.Traits","Label":"Traits","Category":"","Description":"","Attributes":5,"ValueType":"System.Collections.Generic.KeyValuePair`2[[System.String],[System.String]][]"},"Value":[]}]},"Attachments":[],"Outcome":1,"ErrorMessage":null,"ErrorStackTrace":null,"DisplayName":"PriceWithPDV_RandomOrder_ReturnsPricesWithPDV","Messages":[],"ComputerName":null,"Duration":"00:00:00.0095841","StartTime":"2023-12-05T16:15:04.4802586+01:00","EndTime":"2023-12-05T16:15:04.4901654+01:00","Properties":[{"Key":{"Id":"ExecutionId","Label":"ExecutionId","Category":"","Description":"","Attributes":1,"ValueType":"System.Guid"},"Value":"00000000-0000-0000-0000-000000000000"},{"Key":{"Id":"ParentExecId","Label":"ParentExecId","Category":"","Description":"","Attributes":1,"ValueType":"System.Guid"},"Value":"00000000-0000-0000-0000-000000000000"},{"Key":{"Id":"InnerResultsCount","Label":"InnerResultsCount","Category":"","Description":"","Attributes":1,"ValueType":"System.Int32"},"Value":0}]}],"TestRunStatistics":{"ExecutedTests":9,"Stats":{"Passed":9}},"ActiveTests":[{"Id":"8aa53cf9-df61-c26e-0def-169ace696c35","FullyQualifiedName":"UnitTests.UnitTest1.PriceWithPDV_DrinkWithNegativePrice__ThrowsArgumentException","DisplayName":"PriceWithPDV_DrinkWithNegativePrice__ThrowsArgumentException","ExecutorUri":"executor://MSTestAdapter/v2","Source":"C:\\Users\\Korisnik\\Desktop\\Tajra\\PWS\\VVS\\UnitTests\\bin\\Debug\\net6.0\\fine-code-coverage\\build-output\\UnitTests.dll","CodeFilePath":null,"LineNumber":-1,"Properties":[{"Key":{"Id":"TestCase.ManagedType","Label":"ManagedType","Category":"","Description":"","Attributes":1,"ValueType":"System.String"},"Value":"UnitTests.UnitTest1"},{"Key":{"Id":"TestCase.ManagedMethod","Label":"ManagedMethod","Category":"","Description":"","Attributes":1,"ValueType":"System.String"},"Value":"PriceWithPDV_DrinkWithNegativePrice__ThrowsArgumentException"},{"Key":{"Id":"MSTestDiscoverer.TestClassName","Label":"ClassName","Category":"","Description":"","Attributes":1,"ValueType":"System.String"},"Value":"UnitTests.UnitTest1"},{"Key":{"Id":"TestCase.Hierarchy","Label":"Hierarchy","Category":"","Description":"","Attributes":2,"ValueType":"System.String[]"},"Value":["UnitTests","UnitTest1"]},{"Key":{"Id":"TestObject.Traits","Label":"Traits","Category":"","Description":"","Attributes":5,"ValueType":"System.Collections.Generic.KeyValuePair`2[[System.String],[System.String]][]"},"Value":[]}]}]}}
TpTrace Verbose: 0 : 3952, 7, 2023/12/05, 16:15:04.579, 125554123115, vstest.console.dll, TestRunRequest:SendTestRunStatsChange: Starting.
TpTrace Verbose: 0 : 3952, 7, 2023/12/05, 16:15:04.579, 125554124896, vstest.console.dll, InProgress is PriceWithPDV_DrinkWithNegativePrice__ThrowsArgumentException
TpTrace Verbose: 0 : 3952, 7, 2023/12/05, 16:15:04.579, 125554127362, vstest.console.dll, MulticastDelegateUtilities.SafeInvoke: TestRun.RunStatsChanged: Invoking callbacks was skipped because there are no subscribers.
TpTrace Information: 0 : 3952, 7, 2023/12/05, 16:15:04.580, 125554127722, vstest.console.dll, TestRunRequest:SendTestRunStatsChange: Completed.
TpTrace Verbose: 0 : 3952, 7, 2023/12/05, 16:15:04.580, 125554128051, vstest.console.dll, MulticastDelegateUtilities.SafeInvoke: LengthPrefixCommunicationChannel: MessageReceived: Invoking callback 1/1 for Microsoft.VisualStudio.TestPlatform.CommunicationUtilities.TestRequestSender+<>c__DisplayClass34_0., took 52 ms.
TpTrace Verbose: 0 : 3952, 7, 2023/12/05, 16:15:04.580, 125554128345, vstest.console.dll, TcpClientExtensions.MessageLoopAsync: Polling on remoteEndPoint: 127.0.0.1:51387 localEndPoint: 127.0.0.1:51386
TpTrace Verbose: 0 : 3952, 7, 2023/12/05, 16:15:04.580, 125554128724, vstest.console.dll, TcpClientExtensions.MessageLoopAsync: NotifyDataAvailable remoteEndPoint: 127.0.0.1:51387 localEndPoint: 127.0.0.1:51386
TpTrace Verbose: 0 : 3952, 7, 2023/12/05, 16:15:04.580, 125554129471, vstest.console.dll, TestRequestSender.OnExecutionMessageReceived: Received message: {"Version":7,"MessageType":"TestExecution.Completed","Payload":{"TestRunCompleteArgs":{"TestRunStatistics":{"ExecutedTests":10,"Stats":{"Passed":10}},"IsCanceled":false,"IsAborted":false,"Error":null,"AttachmentSets":[],"InvokedDataCollectors":[],"ElapsedTimeInRunningTests":"00:00:01.2669923","Metrics":{},"DiscoveredExtensions":{"TestDiscoverers":["Microsoft.VisualStudio.TestPlatform.MSTest.TestAdapter.MSTestDiscoverer, Microsoft.VisualStudio.TestPlatform.MSTest.TestAdapter, Version=14.0.0.0, Culture=neutral, PublicKeyToken=b03f5f7f11d50a3a"],"TestExecutors":["executor://MSTestAdapter/v2"],"TestExecutors2":[],"TestSettingsProviders":[]}},"LastRunTests":{"NewTestResults":[{"TestCase":{"Id":"8aa53cf9-df61-c26e-0def-169ace696c35","FullyQualifiedName":"UnitTests.UnitTest1.PriceWithPDV_DrinkWithNegativePrice__ThrowsArgumentException","DisplayName":"PriceWithPDV_DrinkWithNegativePrice__ThrowsArgumentException","ExecutorUri":"executor://MSTestAdapter/v2","Source":"C:\\Users\\Korisnik\\Desktop\\Tajra\\PWS\\VVS\\UnitTests\\bin\\Debug\\net6.0\\fine-code-coverage\\build-output\\UnitTests.dll","CodeFilePath":null,"LineNumber":-1,"Properties":[{"Key":{"Id":"TestCase.ManagedType","Label":"ManagedType","Category":"","Description":"","Attributes":1,"ValueType":"System.String"},"Value":"UnitTests.UnitTest1"},{"Key":{"Id":"TestCase.ManagedMethod","Label":"ManagedMethod","Category":"","Description":"","Attributes":1,"ValueType":"System.String"},"Value":"PriceWithPDV_DrinkWithNegativePrice__ThrowsArgumentException"},{"Key":{"Id":"MSTestDiscoverer.TestClassName","Label":"ClassName","Category":"","Description":"","Attributes":1,"ValueType":"System.String"},"Value":"UnitTests.UnitTest1"},{"Key":{"Id":"TestCase.Hierarchy","Label":"Hierarchy","Category":"","Description":"","Attributes":2,"ValueType":"System.String[]"},"Value":["UnitTests","UnitTest1"]},{"Key":{"Id":"TestObject.Traits","Label":"Traits","Category":"","Description":"","Attributes":5,"ValueType":"System.Collections.Generic.KeyValuePair`2[[System.String],[System.String]][]"},"Value":[]}]},"Attachments":[],"Outcome":1,"ErrorMessage":null,"ErrorStackTrace":null,"DisplayName":"PriceWithPDV_DrinkWithNegativePrice__ThrowsArgumentException","Messages":[],"ComputerName":null,"Duration":"00:00:00.0011445","StartTime":"2023-12-05T16:15:04.5285682+01:00","EndTime":"2023-12-05T16:15:04.5300804+01:00","Properties":[{"Key":{"Id":"ExecutionId","Label":"ExecutionId","Category":"","Description":"","Attributes":1,"ValueType":"System.Guid"},"Value":"00000000-0000-0000-0000-000000000000"},{"Key":{"Id":"ParentExecId","Label":"ParentExecId","Category":"","Description":"","Attributes":1,"ValueType":"System.Guid"},"Value":"00000000-0000-0000-0000-000000000000"},{"Key":{"Id":"InnerResultsCount","Label":"InnerResultsCount","Category":"","Description":"","Attributes":1,"ValueType":"System.Int32"},"Value":0}]}],"TestRunStatistics":{"ExecutedTests":10,"Stats":{"Passed":10}},"ActiveTests":[]},"RunAttachments":[],"ExecutorUris":["executor://mstestadapter/v2"]}}
TpTrace Verbose: 0 : 3952, 7, 2023/12/05, 16:15:04.580, 125554130246, vstest.console.dll, TestRequestSender.EndSession: Sending end session.
TpTrace Verbose: 0 : 3952, 7, 2023/12/05, 16:15:04.580, 125554131437, vstest.console.dll, ProxyOperationManager.Close: waiting for test host to exit for 100 ms
TpTrace Verbose: 0 : 3952, 4, 2023/12/05, 16:15:04.582, 125554153631, vstest.console.dll, MulticastDelegateUtilities.SafeInvoke: InternalTestLoggerEvents.SendTestResult: Invoking callback 1/1 for Microsoft.VisualStudio.TestPlatform.CommandLine.Internal.ConsoleLogger., took 2 ms.
TpTrace Verbose: 0 : 3952, 4, 2023/12/05, 16:15:04.582, 125554156445, vstest.console.dll, MulticastDelegateUtilities.SafeInvoke: InternalTestLoggerEvents.SendTestResult: Invoking callback 1/1 for Microsoft.VisualStudio.TestPlatform.CommandLine.Internal.ConsoleLogger., took 0 ms.
TpTrace Verbose: 0 : 3952, 4, 2023/12/05, 16:15:04.582, 125554157102, vstest.console.dll, MulticastDelegateUtilities.SafeInvoke: InternalTestLoggerEvents.SendTestResult: Invoking callback 1/1 for Microsoft.VisualStudio.TestPlatform.CommandLine.Internal.ConsoleLogger., took 0 ms.
TpTrace Verbose: 0 : 3952, 4, 2023/12/05, 16:15:04.583, 125554157580, vstest.console.dll, MulticastDelegateUtilities.SafeInvoke: InternalTestLoggerEvents.SendTestResult: Invoking callback 1/1 for Microsoft.VisualStudio.TestPlatform.CommandLine.Internal.ConsoleLogger., took 0 ms.
TpTrace Verbose: 0 : 3952, 4, 2023/12/05, 16:15:04.583, 125554158001, vstest.console.dll, MulticastDelegateUtilities.SafeInvoke: InternalTestLoggerEvents.SendTestResult: Invoking callback 1/1 for Microsoft.VisualStudio.TestPlatform.CommandLine.Internal.ConsoleLogger., took 0 ms.
TpTrace Verbose: 0 : 3952, 4, 2023/12/05, 16:15:04.583, 125554158411, vstest.console.dll, MulticastDelegateUtilities.SafeInvoke: InternalTestLoggerEvents.SendTestResult: Invoking callback 1/1 for Microsoft.VisualStudio.TestPlatform.CommandLine.Internal.ConsoleLogger., took 0 ms.
TpTrace Verbose: 0 : 3952, 4, 2023/12/05, 16:15:04.583, 125554159192, vstest.console.dll, MulticastDelegateUtilities.SafeInvoke: InternalTestLoggerEvents.SendTestResult: Invoking callback 1/1 for Microsoft.VisualStudio.TestPlatform.CommandLine.Internal.ConsoleLogger., took 0 ms.
TpTrace Verbose: 0 : 3952, 4, 2023/12/05, 16:15:04.583, 125554159595, vstest.console.dll, MulticastDelegateUtilities.SafeInvoke: InternalTestLoggerEvents.SendTestResult: Invoking callback 1/1 for Microsoft.VisualStudio.TestPlatform.CommandLine.Internal.ConsoleLogger., took 0 ms.
TpTrace Verbose: 0 : 3952, 4, 2023/12/05, 16:15:04.583, 125554159993, vstest.console.dll, MulticastDelegateUtilities.SafeInvoke: InternalTestLoggerEvents.SendTestResult: Invoking callback 1/1 for Microsoft.VisualStudio.TestPlatform.CommandLine.Internal.ConsoleLogger., took 0 ms.
TpTrace Verbose: 0 : 3952, 12, 2023/12/05, 16:15:04.592, 125554254149, vstest.console.dll, TestHostManagerCallbacks.ctor: Experimental forwarding output is disabled.
TpTrace Warning: 0 : 3952, 12, 2023/12/05, 16:15:04.592, 125554255757, vstest.console.dll, TestHostManagerCallbacks.ErrorReceivedCallback Test host standard error line: 
TpTrace Verbose: 0 : 3952, 12, 2023/12/05, 16:15:04.607, 125554398051, vstest.console.dll, TestHostProvider.ExitCallBack: Host exited starting callback.
TpTrace Information: 0 : 3952, 12, 2023/12/05, 16:15:04.607, 125554400531, vstest.console.dll, TestHostManagerCallbacks.ExitCallBack: Testhost processId: 12828 exited with exitcode: 0 error: ''
TpTrace Verbose: 0 : 3952, 12, 2023/12/05, 16:15:04.607, 125554401273, vstest.console.dll, DotnetTestHostManager.OnHostExited: invoking OnHostExited callback
TpTrace Verbose: 0 : 3952, 12, 2023/12/05, 16:15:04.607, 125554402015, vstest.console.dll, CrossPlatEngine.TestHostManagerHostExited: calling on client process exit callback.
TpTrace Information: 0 : 3952, 12, 2023/12/05, 16:15:04.607, 125554402768, vstest.console.dll, TestRequestSender.OnClientProcessExit: Test host process exited. Standard error: 
TpTrace Information: 0 : 3952, 12, 2023/12/05, 16:15:04.607, 125554403392, vstest.console.dll, SocketServer.Stop: Stop server endPoint: 127.0.0.1:51386
TpTrace Information: 0 : 3952, 12, 2023/12/05, 16:15:04.607, 125554403847, vstest.console.dll, SocketServer.Stop: Cancellation requested. Stopping message loop.
TpTrace Information: 0 : 3952, 7, 2023/12/05, 16:15:04.607, 125554404530, vstest.console.dll, SocketServer.Stop: Stop server endPoint: 127.0.0.1:51386
TpTrace Information: 0 : 3952, 7, 2023/12/05, 16:15:04.607, 125554405494, vstest.console.dll, SocketServer.Stop: Cancellation requested. Stopping message loop.
TpTrace Verbose: 0 : 3952, 12, 2023/12/05, 16:15:04.607, 125554405639, vstest.console.dll, MulticastDelegateUtilities.SafeInvoke: HostProviderEvents.OnHostExited: Invoking callback 1/1 for Microsoft.VisualStudio.TestPlatform.CrossPlatEngine.Client.ProxyOperationManager., took 0 ms.
TpTrace Information: 0 : 3952, 7, 2023/12/05, 16:15:04.607, 125554406248, vstest.console.dll, Closing the connection
TpTrace Verbose: 0 : 3952, 7, 2023/12/05, 16:15:04.608, 125554410060, vstest.console.dll, ProxyDataCollectionManager.InvokeDataCollectionServiceAction: Starting.
TpTrace Information: 0 : 3952, 7, 2023/12/05, 16:15:04.608, 125554410817, vstest.console.dll, ProxyDataCollectionManager.AfterTestRunEnd: Get attachment set and invoked data collectors processId: 15992 port: 51383
TpTrace Verbose: 0 : 3952, 7, 2023/12/05, 16:15:04.608, 125554411564, vstest.console.dll, DataCollectionRequestSender.SendAfterTestRunStartAndGetResult: Send AfterTestRunEnd message with isCancelled: False
TpTrace Verbose: 0 : 3952, 7, 2023/12/05, 16:15:04.621, 125554539483, vstest.console.dll, DataCollectionRequestSender.SendAfterTestRunStartAndGetResult: Received message: (DataCollection.AfterTestRunEndResult) -> {"MessageType":"DataCollection.AfterTestRunEndResult","Payload":{"AttachmentSets":[],"InvokedDataCollectors":[{"Uri":"datacollector://Microsoft/TestPlatform/Extensions/Blame/v1","FriendlyName":"Blame","AssemblyQualifiedName":"Microsoft.TestPlatform.Extensions.BlameDataCollector.BlameCollector, Microsoft.TestPlatform.Extensions.BlameDataCollector, Version=15.0.0.0, Culture=neutral, PublicKeyToken=b03f5f7f11d50a3a","FilePath":"C:\\Program Files\\dotnet\\sdk\\7.0.402\\Extensions\\Microsoft.TestPlatform.Extensions.BlameDataCollector.dll","HasAttachmentProcessor":false}],"Metrics":{}}}
TpTrace Warning: 0 : 3952, 10, 2023/12/05, 16:15:04.628, 125554608769, vstest.console.dll, DataCollectionLauncher.ErrorReceivedCallback datacollector standard error line: 
TpTrace Information: 0 : 3952, 7, 2023/12/05, 16:15:04.630, 125554629513, vstest.console.dll, ProxyDataCollectionManager.InvokeDataCollectionServiceAction: Completed.
TpTrace Information: 0 : 3952, 10, 2023/12/05, 16:15:04.639, 125554723760, vstest.console.dll, DataCollectionLauncher.ExitCallBack: Data collector exited with exitcode: 0 error: ''
TpTrace Verbose: 0 : 3952, 7, 2023/12/05, 16:15:04.680, 125555128348, vstest.console.dll, TestRunRequest:SendTestRunStatsChange: Starting.
TpTrace Verbose: 0 : 3952, 7, 2023/12/05, 16:15:04.680, 125555129477, vstest.console.dll, MulticastDelegateUtilities.SafeInvoke: TestRun.RunStatsChanged: Invoking callbacks was skipped because there are no subscribers.
TpTrace Information: 0 : 3952, 7, 2023/12/05, 16:15:04.680, 125555129963, vstest.console.dll, TestRunRequest:SendTestRunStatsChange: Completed.
TpTrace Verbose: 0 : 3952, 4, 2023/12/05, 16:15:04.680, 125555130360, vstest.console.dll, MulticastDelegateUtilities.SafeInvoke: InternalTestLoggerEvents.SendTestResult: Invoking callback 1/1 for Microsoft.VisualStudio.TestPlatform.CommandLine.Internal.ConsoleLogger., took 0 ms.
TpTrace Verbose: 0 : 3952, 7, 2023/12/05, 16:15:04.680, 125555133687, vstest.console.dll, ParallelProxyExecutionManager: HandlePartialRunComplete: Total workloads = 1, Total started clients = 1 Total completed clients = 1, Run complete = True, Run canceled: False.
TpTrace Verbose: 0 : 3952, 7, 2023/12/05, 16:15:04.680, 125555134013, vstest.console.dll, ParallelProxyExecutionManager: HandlePartialRunComplete: All runs completed stopping all managers.
TpTrace Verbose: 0 : 3952, 7, 2023/12/05, 16:15:04.680, 125555134277, vstest.console.dll, ParallelOperationManager.StopAllManagers: Stopping all managers.
TpTrace Verbose: 0 : 3952, 7, 2023/12/05, 16:15:04.680, 125555134525, vstest.console.dll, ParallelOperationManager.ClearSlots: Clearing all slots. Slots should accept more work: False
TpTrace Verbose: 0 : 3952, 7, 2023/12/05, 16:15:04.680, 125555134867, vstest.console.dll, ParallelOperationManager.SetOccupiedSlotCount: Setting slot counts AvailableSlotCount = 1, OccupiedSlotCount = 0.
TpTrace Verbose: 0 : 3952, 7, 2023/12/05, 16:15:04.680, 125555135258, vstest.console.dll, Occupied slots:

TpTrace Verbose: 0 : 3952, 4, 2023/12/05, 16:15:04.689, 125555220591, vstest.console.dll, MulticastDelegateUtilities.SafeInvoke: InternalTestLoggerEvents.SendTestRunComplete: Invoking callback 1/2 for Microsoft.TestPlatform.Extensions.BlameDataCollector.BlameLogger., took 0 ms.
TpTrace Verbose: 0 : 3952, 4, 2023/12/05, 16:15:04.695, 125555279844, vstest.console.dll, MulticastDelegateUtilities.SafeInvoke: InternalTestLoggerEvents.SendTestRunComplete: Invoking callback 2/2 for Microsoft.VisualStudio.TestPlatform.CommandLine.Internal.ConsoleLogger., took 5 ms.
TpTrace Verbose: 0 : 3952, 7, 2023/12/05, 16:15:04.695, 125555284525, vstest.console.dll, TestRunRequest:TestRunComplete: Starting. IsAborted:False IsCanceled:False.
TpTrace Verbose: 0 : 3952, 7, 2023/12/05, 16:15:04.695, 125555286396, vstest.console.dll, ParallelOperationManager.DoActionOnAllManagers: Calling an action on all managers.
TpTrace Verbose: 0 : 3952, 7, 2023/12/05, 16:15:04.696, 125555295284, vstest.console.dll, TestLoggerManager.HandleTestRunComplete: Ignoring as the object is disposed.
TpTrace Verbose: 0 : 3952, 7, 2023/12/05, 16:15:04.697, 125555297810, vstest.console.dll, MulticastDelegateUtilities.SafeInvoke: TestRun.TestRunComplete: Invoking callback 1/2 for Microsoft.VisualStudio.TestPlatform.CommandLine.TestRunResultAggregator., took 0 ms.
TpTrace Verbose: 0 : 3952, 7, 2023/12/05, 16:15:04.697, 125555299247, vstest.console.dll, MulticastDelegateUtilities.SafeInvoke: TestRun.TestRunComplete: Invoking callback 2/2 for Microsoft.VisualStudio.TestPlatform.CommandLine.Processors.RunTestsArgumentExecutor+TestRunRequestEventsRegistrar., took 0 ms.
TpTrace Information: 0 : 3952, 7, 2023/12/05, 16:15:04.697, 125555300480, vstest.console.dll, TestRunRequest:TestRunComplete: Completed.
TpTrace Verbose: 0 : 3952, 7, 2023/12/05, 16:15:04.697, 125555300839, vstest.console.dll, TestRequestSender.SetOperationComplete: Setting operation complete.
TpTrace Verbose: 0 : 3952, 1, 2023/12/05, 16:15:04.697, 125555300939, vstest.console.dll, TestRunRequest.Dispose: Starting.
TpTrace Information: 0 : 3952, 7, 2023/12/05, 16:15:04.697, 125555301072, vstest.console.dll, SocketServer.Stop: Stop server endPoint: 127.0.0.1:51386
TpTrace Information: 0 : 3952, 1, 2023/12/05, 16:15:04.697, 125555301768, vstest.console.dll, TestRunRequest.Dispose: Completed.
TpTrace Information: 0 : 3952, 7, 2023/12/05, 16:15:04.697, 125555302143, vstest.console.dll, SocketServer.Stop: Cancellation requested. Stopping message loop.
TpTrace Information: 0 : 3952, 1, 2023/12/05, 16:15:04.697, 125555302755, vstest.console.dll, TestRequestManager.RunTests: run tests completed.
TpTrace Verbose: 0 : 3952, 7, 2023/12/05, 16:15:04.697, 125555302944, vstest.console.dll, MulticastDelegateUtilities.SafeInvoke: LengthPrefixCommunicationChannel: MessageReceived: Invoking callback 1/1 for Microsoft.VisualStudio.TestPlatform.CommunicationUtilities.TestRequestSender+<>c__DisplayClass34_0., took 117 ms.
TpTrace Information: 0 : 3952, 7, 2023/12/05, 16:15:04.697, 125555303520, vstest.console.dll, SocketServer.PrivateStop: Stopping server endPoint: 127.0.0.1:51386 error: 
TpTrace Information: 0 : 3952, 1, 2023/12/05, 16:15:04.697, 125555303847, vstest.console.dll, RunTestsArgumentProcessor:Execute: Test run is completed.
TpTrace Verbose: 0 : 3952, 1, 2023/12/05, 16:15:04.697, 125555305675, vstest.console.dll, Executor.Execute: Exiting with exit code of 0
TpTrace Verbose: 0 : 3952, 7, 2023/12/05, 16:15:04.697, 125555307441, vstest.console.dll, LengthPrefixCommunicationChannel.Dispose: Dispose reader and writer.
TpTrace Information: 0 : 3952, 7, 2023/12/05, 16:15:04.698, 125555308403, vstest.console.dll, SocketServer.Stop: Raise disconnected event endPoint: 127.0.0.1:51386 error: 
TpTrace Verbose: 0 : 3952, 7, 2023/12/05, 16:15:04.698, 125555309069, vstest.console.dll, TestRequestSender: OnTestRunAbort: Operation is already complete. Skip error message.
TpTrace Verbose: 0 : 3952, 7, 2023/12/05, 16:15:04.698, 125555309383, vstest.console.dll, MulticastDelegateUtilities.SafeInvoke: SocketServer: ClientDisconnected: Invoking callback 1/1 for Microsoft.VisualStudio.TestPlatform.CommunicationUtilities.TestRequestSender., took 0 ms.
TpTrace Verbose: 0 : 3952, 7, 2023/12/05, 16:15:04.698, 125555309834, vstest.console.dll, TcpClientExtensions.MessageLoopAsync: exiting MessageLoopAsync remoteEndPoint: 127.0.0.1:51387 localEndPoint: 127.0.0.1:51386
